[debug] [2020-07-18T00:59:36.380Z] ----------------------------------------------------------------------
[debug] [2020-07-18T00:59:36.384Z] Command:       /usr/local/bin/node /usr/local/bin/firebase serve
[debug] [2020-07-18T00:59:36.384Z] CLI Version:   8.4.1
[debug] [2020-07-18T00:59:36.384Z] Platform:      darwin
[debug] [2020-07-18T00:59:36.384Z] Node Version:  v12.17.0
[debug] [2020-07-18T00:59:36.388Z] Time:          Fri Jul 17 2020 17:59:36 GMT-0700 (Pacific Daylight Time)
[debug] [2020-07-18T00:59:36.388Z] ----------------------------------------------------------------------
[debug] [2020-07-18T00:59:36.389Z] 
[debug] [2020-07-18T00:59:36.421Z] > command requires scopes: ["email","openid","https://www.googleapis.com/auth/cloudplatformprojects.readonly","https://www.googleapis.com/auth/firebase","https://www.googleapis.com/auth/cloud-platform"]
[debug] [2020-07-18T00:59:36.422Z] > authorizing via signed-in user
[debug] [2020-07-18T00:59:36.422Z] [iam] checking project spendings-138e4 for permissions ["firebase.projects.get"]
[debug] [2020-07-18T00:59:36.428Z] >>> HTTP REQUEST POST https://cloudresourcemanager.googleapis.com/v1/projects/spendings-138e4:testIamPermissions  
 {"permissions":["firebase.projects.get"]}
[debug] [2020-07-18T00:59:36.657Z] <<< HTTP RESPONSE 200 {"content-type":"application/json; charset=UTF-8","vary":"X-Origin, Referer, Origin,Accept-Encoding","date":"Sat, 18 Jul 2020 00:59:36 GMT","server":"ESF","cache-control":"private","x-xss-protection":"0","x-frame-options":"SAMEORIGIN","x-content-type-options":"nosniff","server-timing":"gfet4t7; dur=147","alt-svc":"h3-29=\":443\"; ma=2592000,h3-27=\":443\"; ma=2592000,h3-25=\":443\"; ma=2592000,h3-T050=\":443\"; ma=2592000,h3-Q050=\":443\"; ma=2592000,h3-Q046=\":443\"; ma=2592000,h3-Q043=\":443\"; ma=2592000,quic=\":443\"; ma=2592000; v=\"46,43\"","accept-ranges":"none","transfer-encoding":"chunked"}
[debug] [2020-07-18T00:59:36.658Z] >>> HTTP REQUEST GET https://firebase.googleapis.com/v1beta1/projects/spendings-138e4  
 
[debug] [2020-07-18T00:59:36.805Z] <<< HTTP RESPONSE 200 {"content-type":"application/json; charset=UTF-8","vary":"X-Origin, Referer, Origin,Accept-Encoding","date":"Sat, 18 Jul 2020 00:59:36 GMT","server":"ESF","cache-control":"private","x-xss-protection":"0","x-frame-options":"SAMEORIGIN","x-content-type-options":"nosniff","alt-svc":"h3-29=\":443\"; ma=2592000,h3-27=\":443\"; ma=2592000,h3-25=\":443\"; ma=2592000,h3-T050=\":443\"; ma=2592000,h3-Q050=\":443\"; ma=2592000,h3-Q046=\":443\"; ma=2592000,h3-Q043=\":443\"; ma=2592000,quic=\":443\"; ma=2592000; v=\"46,43\"","accept-ranges":"none","transfer-encoding":"chunked"}
[info] 
[info] === Serving from '/Users/travischan/Documents/Codes/ReactNative/first'...
[info] 
[warn] ⚠  Your requested "node" version "8" doesn't match your global version "12" {"metadata":{"emulator":{"name":"functions"},"message":"Your requested \"node\" version \"8\" doesn't match your global version \"12\""}}
[info] i  functions: Watching "/Users/travischan/Documents/Codes/ReactNative/first/functions" for Cloud Functions... {"metadata":{"emulator":{"name":"functions"},"message":"Watching \"/Users/travischan/Documents/Codes/ReactNative/first/functions\" for Cloud Functions..."}}
[debug] [2020-07-18T00:59:36.893Z] [worker-pool] addWorker(~diagnostic~) {"metadata":{"emulator":{"name":"functions"},"message":"[worker-pool] addWorker(~diagnostic~)"}}
[debug] [2020-07-18T00:59:36.894Z] [worker-pool] Adding worker with key ~diagnostic~, total=1 {"metadata":{"emulator":{"name":"functions"},"message":"[worker-pool] Adding worker with key ~diagnostic~, total=1"}}
[debug] [2020-07-18T00:59:36.895Z] [worker-pool] submitWork(triggerId=) {"metadata":{"emulator":{"name":"functions"},"message":"[worker-pool] submitWork(triggerId=)"}}
[debug] [2020-07-18T00:59:36.896Z] [worker-~diagnostic~-3957cf87-247d-42bf-a722-77ff803f2559]: Assigning socketPath: /var/folders/r9/_fmvn4ds67z6hms720f6sz2w0000gn/T/fire_emu_41305.sock {"metadata":{"emulator":{"name":"functions"},"message":"[worker-~diagnostic~-3957cf87-247d-42bf-a722-77ff803f2559]: Assigning socketPath: /var/folders/r9/_fmvn4ds67z6hms720f6sz2w0000gn/T/fire_emu_41305.sock"}}
[debug] [2020-07-18T00:59:36.897Z] [worker-~diagnostic~-3957cf87-247d-42bf-a722-77ff803f2559]: BUSY {"metadata":{"emulator":{"name":"functions"},"message":"[worker-~diagnostic~-3957cf87-247d-42bf-a722-77ff803f2559]: BUSY"}}
[debug] [2020-07-18T00:59:37.249Z] [runtime-status] [41305] Functions runtime initialized. {"cwd":"/Users/travischan/Documents/Codes/ReactNative/first/functions","node_version":"12.17.0"} {"metadata":{"emulator":{"name":"functions"},"message":"[runtime-status] [41305] Functions runtime initialized. {\"cwd\":\"/Users/travischan/Documents/Codes/ReactNative/first/functions\",\"node_version\":\"12.17.0\"}"}}
[debug] [2020-07-18T00:59:37.250Z] [runtime-status] [41305] Disabled runtime features: undefined {"metadata":{"emulator":{"name":"functions"},"message":"[runtime-status] [41305] Disabled runtime features: undefined"}}
[debug] [2020-07-18T00:59:37.256Z] [runtime-status] [41305] Resolved module firebase-admin {"declared":true,"installed":true,"version":"8.13.0","resolution":"/Users/travischan/Documents/Codes/ReactNative/first/functions/node_modules/firebase-admin/lib/index.js"} {"metadata":{"emulator":{"name":"functions"},"message":"[runtime-status] [41305] Resolved module firebase-admin {\"declared\":true,\"installed\":true,\"version\":\"8.13.0\",\"resolution\":\"/Users/travischan/Documents/Codes/ReactNative/first/functions/node_modules/firebase-admin/lib/index.js\"}"}}
[debug] [2020-07-18T00:59:37.259Z] [runtime-status] [41305] Resolved module firebase-functions {"declared":true,"installed":true,"version":"3.8.0","resolution":"/Users/travischan/Documents/Codes/ReactNative/first/functions/node_modules/firebase-functions/lib/index.js"} {"metadata":{"emulator":{"name":"functions"},"message":"[runtime-status] [41305] Resolved module firebase-functions {\"declared\":true,\"installed\":true,\"version\":\"3.8.0\",\"resolution\":\"/Users/travischan/Documents/Codes/ReactNative/first/functions/node_modules/firebase-functions/lib/index.js\"}"}}
[debug] [2020-07-18T00:59:37.266Z] [runtime-status] [41305] Outgoing network have been stubbed. [{"name":"http","status":"mocked"},{"name":"http","status":"mocked"},{"name":"https","status":"mocked"},{"name":"https","status":"mocked"},{"name":"net","status":"mocked"}] {"metadata":{"emulator":{"name":"functions"},"message":"[runtime-status] [41305] Outgoing network have been stubbed. [{\"name\":\"http\",\"status\":\"mocked\"},{\"name\":\"http\",\"status\":\"mocked\"},{\"name\":\"https\",\"status\":\"mocked\"},{\"name\":\"https\",\"status\":\"mocked\"},{\"name\":\"net\",\"status\":\"mocked\"}]"}}
[debug] [2020-07-18T00:59:37.268Z] [runtime-status] [41305] Resolved module firebase-functions {"declared":true,"installed":true,"version":"3.8.0","resolution":"/Users/travischan/Documents/Codes/ReactNative/first/functions/node_modules/firebase-functions/lib/index.js"} {"metadata":{"emulator":{"name":"functions"},"message":"[runtime-status] [41305] Resolved module firebase-functions {\"declared\":true,\"installed\":true,\"version\":\"3.8.0\",\"resolution\":\"/Users/travischan/Documents/Codes/ReactNative/first/functions/node_modules/firebase-functions/lib/index.js\"}"}}
[debug] [2020-07-18T00:59:37.399Z] [runtime-status] [41305] Checked functions.config() {"config":{}} {"metadata":{"emulator":{"name":"functions"},"message":"[runtime-status] [41305] Checked functions.config() {\"config\":{}}"}}
[debug] [2020-07-18T00:59:37.400Z] [runtime-status] [41305] firebase-functions has been stubbed. {"functionsResolution":{"declared":true,"installed":true,"version":"3.8.0","resolution":"/Users/travischan/Documents/Codes/ReactNative/first/functions/node_modules/firebase-functions/lib/index.js"}} {"metadata":{"emulator":{"name":"functions"},"message":"[runtime-status] [41305] firebase-functions has been stubbed. {\"functionsResolution\":{\"declared\":true,\"installed\":true,\"version\":\"3.8.0\",\"resolution\":\"/Users/travischan/Documents/Codes/ReactNative/first/functions/node_modules/firebase-functions/lib/index.js\"}}"}}
[debug] [2020-07-18T00:59:37.402Z] [runtime-status] [41305] Resolved module firebase-functions {"declared":true,"installed":true,"version":"3.8.0","resolution":"/Users/travischan/Documents/Codes/ReactNative/first/functions/node_modules/firebase-functions/lib/index.js"} {"metadata":{"emulator":{"name":"functions"},"message":"[runtime-status] [41305] Resolved module firebase-functions {\"declared\":true,\"installed\":true,\"version\":\"3.8.0\",\"resolution\":\"/Users/travischan/Documents/Codes/ReactNative/first/functions/node_modules/firebase-functions/lib/index.js\"}"}}
[debug] [2020-07-18T00:59:37.404Z] [runtime-status] [41305] Resolved module firebase-admin {"declared":true,"installed":true,"version":"8.13.0","resolution":"/Users/travischan/Documents/Codes/ReactNative/first/functions/node_modules/firebase-admin/lib/index.js"} {"metadata":{"emulator":{"name":"functions"},"message":"[runtime-status] [41305] Resolved module firebase-admin {\"declared\":true,\"installed\":true,\"version\":\"8.13.0\",\"resolution\":\"/Users/travischan/Documents/Codes/ReactNative/first/functions/node_modules/firebase-admin/lib/index.js\"}"}}
[debug] [2020-07-18T00:59:37.407Z] [runtime-status] [41305] Resolved module firebase-functions {"declared":true,"installed":true,"version":"3.8.0","resolution":"/Users/travischan/Documents/Codes/ReactNative/first/functions/node_modules/firebase-functions/lib/index.js"} {"metadata":{"emulator":{"name":"functions"},"message":"[runtime-status] [41305] Resolved module firebase-functions {\"declared\":true,\"installed\":true,\"version\":\"3.8.0\",\"resolution\":\"/Users/travischan/Documents/Codes/ReactNative/first/functions/node_modules/firebase-functions/lib/index.js\"}"}}
[debug] [2020-07-18T00:59:37.407Z] [runtime-status] [41305] firebase-admin has been stubbed. {"adminResolution":{"declared":true,"installed":true,"version":"8.13.0","resolution":"/Users/travischan/Documents/Codes/ReactNative/first/functions/node_modules/firebase-admin/lib/index.js"}} {"metadata":{"emulator":{"name":"functions"},"message":"[runtime-status] [41305] firebase-admin has been stubbed. {\"adminResolution\":{\"declared\":true,\"installed\":true,\"version\":\"8.13.0\",\"resolution\":\"/Users/travischan/Documents/Codes/ReactNative/first/functions/node_modules/firebase-admin/lib/index.js\"}}"}}
[info] ✔  functions[app]: http function initialized (http://localhost:5000/spendings-138e4/us-central1/app). {"metadata":{"emulator":{"name":"functions"},"message":"\u001b[1mhttp\u001b[22m function initialized (http://localhost:5000/spendings-138e4/us-central1/app)."}}
[debug] [2020-07-18T00:59:37.656Z] [worker-~diagnostic~-3957cf87-247d-42bf-a722-77ff803f2559]: IDLE {"metadata":{"emulator":{"name":"functions"},"message":"[worker-~diagnostic~-3957cf87-247d-42bf-a722-77ff803f2559]: IDLE"}}
[debug] [2020-07-18T01:01:52.681Z] [work-queue] {"queueLength":1,"workRunningCount":0}
[debug] [2020-07-18T01:01:52.682Z] [work-queue] {"queueLength":0,"workRunningCount":1}
[debug] [2020-07-18T01:01:52.683Z] Accepted request GET /spendings-138e4/us-central1/app --> app
[debug] [2020-07-18T01:01:52.692Z] [worker-pool] addWorker(app) {"metadata":{"emulator":{"name":"functions"},"message":"[worker-pool] addWorker(app)"}}
[debug] [2020-07-18T01:01:52.693Z] [worker-pool] Adding worker with key app, total=1 {"metadata":{"emulator":{"name":"functions"},"message":"[worker-pool] Adding worker with key app, total=1"}}
[debug] [2020-07-18T01:01:52.693Z] [worker-pool] submitWork(triggerId=app) {"metadata":{"emulator":{"name":"functions"},"message":"[worker-pool] submitWork(triggerId=app)"}}
[debug] [2020-07-18T01:01:52.693Z] [worker-app-0a505521-49f1-483f-8bfd-a4a94c1cf854]: Assigning socketPath: /var/folders/r9/_fmvn4ds67z6hms720f6sz2w0000gn/T/fire_emu_41759.sock {"metadata":{"emulator":{"name":"functions"},"message":"[worker-app-0a505521-49f1-483f-8bfd-a4a94c1cf854]: Assigning socketPath: /var/folders/r9/_fmvn4ds67z6hms720f6sz2w0000gn/T/fire_emu_41759.sock"}}
[debug] [2020-07-18T01:01:52.693Z] [worker-app-0a505521-49f1-483f-8bfd-a4a94c1cf854]: BUSY {"metadata":{"emulator":{"name":"functions"},"message":"[worker-app-0a505521-49f1-483f-8bfd-a4a94c1cf854]: BUSY"}}
[debug] [2020-07-18T01:01:53.516Z] [runtime-status] [41759] Functions runtime initialized. {"cwd":"/Users/travischan/Documents/Codes/ReactNative/first/functions","node_version":"12.17.0"} {"metadata":{"emulator":{"name":"functions"},"function":{"name":"app"},"message":"[runtime-status] [41759] Functions runtime initialized. {\"cwd\":\"/Users/travischan/Documents/Codes/ReactNative/first/functions\",\"node_version\":\"12.17.0\"}"}}
[debug] [2020-07-18T01:01:53.519Z] [runtime-status] [41759] Disabled runtime features: undefined {"metadata":{"emulator":{"name":"functions"},"function":{"name":"app"},"message":"[runtime-status] [41759] Disabled runtime features: undefined"}}
[debug] [2020-07-18T01:01:53.544Z] [runtime-status] [41759] Resolved module firebase-admin {"declared":true,"installed":true,"version":"8.13.0","resolution":"/Users/travischan/Documents/Codes/ReactNative/first/functions/node_modules/firebase-admin/lib/index.js"} {"metadata":{"emulator":{"name":"functions"},"function":{"name":"app"},"message":"[runtime-status] [41759] Resolved module firebase-admin {\"declared\":true,\"installed\":true,\"version\":\"8.13.0\",\"resolution\":\"/Users/travischan/Documents/Codes/ReactNative/first/functions/node_modules/firebase-admin/lib/index.js\"}"}}
[debug] [2020-07-18T01:01:53.545Z] [runtime-status] [41759] Resolved module firebase-functions {"declared":true,"installed":true,"version":"3.8.0","resolution":"/Users/travischan/Documents/Codes/ReactNative/first/functions/node_modules/firebase-functions/lib/index.js"} {"metadata":{"emulator":{"name":"functions"},"function":{"name":"app"},"message":"[runtime-status] [41759] Resolved module firebase-functions {\"declared\":true,\"installed\":true,\"version\":\"3.8.0\",\"resolution\":\"/Users/travischan/Documents/Codes/ReactNative/first/functions/node_modules/firebase-functions/lib/index.js\"}"}}
[debug] [2020-07-18T01:01:53.551Z] [runtime-status] [41759] Outgoing network have been stubbed. [{"name":"http","status":"mocked"},{"name":"http","status":"mocked"},{"name":"https","status":"mocked"},{"name":"https","status":"mocked"},{"name":"net","status":"mocked"}] {"metadata":{"emulator":{"name":"functions"},"function":{"name":"app"},"message":"[runtime-status] [41759] Outgoing network have been stubbed. [{\"name\":\"http\",\"status\":\"mocked\"},{\"name\":\"http\",\"status\":\"mocked\"},{\"name\":\"https\",\"status\":\"mocked\"},{\"name\":\"https\",\"status\":\"mocked\"},{\"name\":\"net\",\"status\":\"mocked\"}]"}}
[debug] [2020-07-18T01:01:53.551Z] [runtime-status] [41759] Resolved module firebase-functions {"declared":true,"installed":true,"version":"3.8.0","resolution":"/Users/travischan/Documents/Codes/ReactNative/first/functions/node_modules/firebase-functions/lib/index.js"} {"metadata":{"emulator":{"name":"functions"},"function":{"name":"app"},"message":"[runtime-status] [41759] Resolved module firebase-functions {\"declared\":true,\"installed\":true,\"version\":\"3.8.0\",\"resolution\":\"/Users/travischan/Documents/Codes/ReactNative/first/functions/node_modules/firebase-functions/lib/index.js\"}"}}
[debug] [2020-07-18T01:01:53.763Z] [runtime-status] [41759] Checked functions.config() {"config":{}} {"metadata":{"emulator":{"name":"functions"},"function":{"name":"app"},"message":"[runtime-status] [41759] Checked functions.config() {\"config\":{}}"}}
[debug] [2020-07-18T01:01:53.763Z] [runtime-status] [41759] firebase-functions has been stubbed. {"functionsResolution":{"declared":true,"installed":true,"version":"3.8.0","resolution":"/Users/travischan/Documents/Codes/ReactNative/first/functions/node_modules/firebase-functions/lib/index.js"}} {"metadata":{"emulator":{"name":"functions"},"function":{"name":"app"},"message":"[runtime-status] [41759] firebase-functions has been stubbed. {\"functionsResolution\":{\"declared\":true,\"installed\":true,\"version\":\"3.8.0\",\"resolution\":\"/Users/travischan/Documents/Codes/ReactNative/first/functions/node_modules/firebase-functions/lib/index.js\"}}"}}
[debug] [2020-07-18T01:01:53.764Z] [runtime-status] [41759] Resolved module firebase-functions {"declared":true,"installed":true,"version":"3.8.0","resolution":"/Users/travischan/Documents/Codes/ReactNative/first/functions/node_modules/firebase-functions/lib/index.js"} {"metadata":{"emulator":{"name":"functions"},"function":{"name":"app"},"message":"[runtime-status] [41759] Resolved module firebase-functions {\"declared\":true,\"installed\":true,\"version\":\"3.8.0\",\"resolution\":\"/Users/travischan/Documents/Codes/ReactNative/first/functions/node_modules/firebase-functions/lib/index.js\"}"}}
[debug] [2020-07-18T01:01:53.764Z] [runtime-status] [41759] Resolved module firebase-admin {"declared":true,"installed":true,"version":"8.13.0","resolution":"/Users/travischan/Documents/Codes/ReactNative/first/functions/node_modules/firebase-admin/lib/index.js"} {"metadata":{"emulator":{"name":"functions"},"function":{"name":"app"},"message":"[runtime-status] [41759] Resolved module firebase-admin {\"declared\":true,\"installed\":true,\"version\":\"8.13.0\",\"resolution\":\"/Users/travischan/Documents/Codes/ReactNative/first/functions/node_modules/firebase-admin/lib/index.js\"}"}}
[debug] [2020-07-18T01:01:53.765Z] [runtime-status] [41759] Resolved module firebase-functions {"declared":true,"installed":true,"version":"3.8.0","resolution":"/Users/travischan/Documents/Codes/ReactNative/first/functions/node_modules/firebase-functions/lib/index.js"} {"metadata":{"emulator":{"name":"functions"},"function":{"name":"app"},"message":"[runtime-status] [41759] Resolved module firebase-functions {\"declared\":true,\"installed\":true,\"version\":\"3.8.0\",\"resolution\":\"/Users/travischan/Documents/Codes/ReactNative/first/functions/node_modules/firebase-functions/lib/index.js\"}"}}
[debug] [2020-07-18T01:01:53.765Z] [runtime-status] [41759] firebase-admin has been stubbed. {"adminResolution":{"declared":true,"installed":true,"version":"8.13.0","resolution":"/Users/travischan/Documents/Codes/ReactNative/first/functions/node_modules/firebase-admin/lib/index.js"}} {"metadata":{"emulator":{"name":"functions"},"function":{"name":"app"},"message":"[runtime-status] [41759] firebase-admin has been stubbed. {\"adminResolution\":{\"declared\":true,\"installed\":true,\"version\":\"8.13.0\",\"resolution\":\"/Users/travischan/Documents/Codes/ReactNative/first/functions/node_modules/firebase-admin/lib/index.js\"}}"}}
[debug] [2020-07-18T01:01:54.141Z] [runtime-status] [41759] Trigger "app" has been found, beginning invocation! {"metadata":{"emulator":{"name":"functions"},"function":{"name":"app"},"message":"[runtime-status] [41759] Trigger \"app\" has been found, beginning invocation!"}}
[info] i  functions: Beginning execution of "app" {"metadata":{"emulator":{"name":"functions"},"function":{"name":"app"},"message":"Beginning execution of \"app\""}}
[debug] [2020-07-18T01:01:54.142Z] [runtime-status] [41759] triggerDefinition {"httpsTrigger":{},"name":"app","entryPoint":"app"} {"metadata":{"emulator":{"name":"functions"},"function":{"name":"app"},"message":"[runtime-status] [41759] triggerDefinition {\"httpsTrigger\":{},\"name\":\"app\",\"entryPoint\":\"app\"}"}}
[debug] [2020-07-18T01:01:54.142Z] [runtime-status] [41759] Running app in mode HTTPS {"metadata":{"emulator":{"name":"functions"},"function":{"name":"app"},"message":"[runtime-status] [41759] Running app in mode HTTPS"}}
[debug] [2020-07-18T01:01:54.145Z] [runtime-status] [41759] Attempting to listen to socketPath: /var/folders/r9/_fmvn4ds67z6hms720f6sz2w0000gn/T/fire_emu_41759.sock {"metadata":{"emulator":{"name":"functions"},"function":{"name":"app"},"message":"[runtime-status] [41759] Attempting to listen to socketPath: /var/folders/r9/_fmvn4ds67z6hms720f6sz2w0000gn/T/fire_emu_41759.sock"}}
[debug] [2020-07-18T01:01:54.152Z] [functions] Runtime ready! Sending request! {"metadata":{"emulator":{"name":"functions"},"message":"[functions] Runtime ready! Sending request!"}}
[debug] [2020-07-18T01:01:54.182Z] [runtime-status] [41759] Ephemeral server handling GET request {"metadata":{"emulator":{"name":"functions"},"function":{"name":"app"},"message":"[runtime-status] [41759] Ephemeral server handling GET request"}}
[debug] [2020-07-18T01:01:54.189Z] [runtime-status] [41759] Ephemeral server survived. {"metadata":{"emulator":{"name":"functions"},"function":{"name":"app"},"message":"[runtime-status] [41759] Ephemeral server survived."}}
[info] i  functions: Finished "app" in ~1s {"metadata":{"emulator":{"name":"functions"},"function":{"name":"app"},"message":"Finished \"app\" in ~1s"}}
[debug] [2020-07-18T01:01:54.190Z] [worker-app-0a505521-49f1-483f-8bfd-a4a94c1cf854]: IDLE {"metadata":{"emulator":{"name":"functions"},"message":"[worker-app-0a505521-49f1-483f-8bfd-a4a94c1cf854]: IDLE"}}
[debug] [2020-07-18T01:01:54.190Z] [work-queue] {"queueLength":0,"workRunningCount":0}
[debug] [2020-07-18T01:02:05.181Z] [work-queue] {"queueLength":1,"workRunningCount":0}
[debug] [2020-07-18T01:02:05.181Z] [work-queue] {"queueLength":0,"workRunningCount":1}
[debug] [2020-07-18T01:02:05.182Z] Accepted request GET /spendings-138e4/us-central1/app/test --> app
[debug] [2020-07-18T01:02:05.182Z] [worker-pool] submitWork(triggerId=app) {"metadata":{"emulator":{"name":"functions"},"message":"[worker-pool] submitWork(triggerId=app)"}}
[debug] [2020-07-18T01:02:05.182Z] [worker-app-0a505521-49f1-483f-8bfd-a4a94c1cf854]: Assigning socketPath: /var/folders/r9/_fmvn4ds67z6hms720f6sz2w0000gn/T/fire_emu_41759.sock {"metadata":{"emulator":{"name":"functions"},"message":"[worker-app-0a505521-49f1-483f-8bfd-a4a94c1cf854]: Assigning socketPath: /var/folders/r9/_fmvn4ds67z6hms720f6sz2w0000gn/T/fire_emu_41759.sock"}}
[debug] [2020-07-18T01:02:05.182Z] [worker-app-0a505521-49f1-483f-8bfd-a4a94c1cf854]: BUSY {"metadata":{"emulator":{"name":"functions"},"message":"[worker-app-0a505521-49f1-483f-8bfd-a4a94c1cf854]: BUSY"}}
[debug] [2020-07-18T01:02:05.184Z] [runtime-status] [41759] Trigger "app" has been found, beginning invocation! {"metadata":{"emulator":{"name":"functions"},"function":{"name":"app"},"message":"[runtime-status] [41759] Trigger \"app\" has been found, beginning invocation!"}}
[info] i  functions: Beginning execution of "app" {"metadata":{"emulator":{"name":"functions"},"function":{"name":"app"},"message":"Beginning execution of \"app\""}}
[debug] [2020-07-18T01:02:05.184Z] [runtime-status] [41759] triggerDefinition {"httpsTrigger":{},"name":"app","entryPoint":"app"} {"metadata":{"emulator":{"name":"functions"},"function":{"name":"app"},"message":"[runtime-status] [41759] triggerDefinition {\"httpsTrigger\":{},\"name\":\"app\",\"entryPoint\":\"app\"}"}}
[debug] [2020-07-18T01:02:05.184Z] [runtime-status] [41759] Running app in mode HTTPS {"metadata":{"emulator":{"name":"functions"},"function":{"name":"app"},"message":"[runtime-status] [41759] Running app in mode HTTPS"}}
[debug] [2020-07-18T01:02:05.184Z] [runtime-status] [41759] Attempting to listen to socketPath: /var/folders/r9/_fmvn4ds67z6hms720f6sz2w0000gn/T/fire_emu_41759.sock {"metadata":{"emulator":{"name":"functions"},"function":{"name":"app"},"message":"[runtime-status] [41759] Attempting to listen to socketPath: /var/folders/r9/_fmvn4ds67z6hms720f6sz2w0000gn/T/fire_emu_41759.sock"}}
[debug] [2020-07-18T01:02:05.187Z] [functions] Runtime ready! Sending request! {"metadata":{"emulator":{"name":"functions"},"message":"[functions] Runtime ready! Sending request!"}}
[debug] [2020-07-18T01:02:05.196Z] [runtime-status] [41759] Ephemeral server handling GET request {"metadata":{"emulator":{"name":"functions"},"function":{"name":"app"},"message":"[runtime-status] [41759] Ephemeral server handling GET request"}}
[debug] [2020-07-18T01:02:05.197Z] [runtime-status] [41759] Ephemeral server survived. {"metadata":{"emulator":{"name":"functions"},"function":{"name":"app"},"message":"[runtime-status] [41759] Ephemeral server survived."}}
[info] i  functions: Finished "app" in ~1s {"metadata":{"emulator":{"name":"functions"},"function":{"name":"app"},"message":"Finished \"app\" in ~1s"}}
[debug] [2020-07-18T01:02:05.199Z] [worker-app-0a505521-49f1-483f-8bfd-a4a94c1cf854]: IDLE {"metadata":{"emulator":{"name":"functions"},"message":"[worker-app-0a505521-49f1-483f-8bfd-a4a94c1cf854]: IDLE"}}
[debug] [2020-07-18T01:02:05.199Z] [work-queue] {"queueLength":0,"workRunningCount":0}
[debug] [2020-07-18T01:03:07.291Z] [work-queue] {"queueLength":1,"workRunningCount":0}
[debug] [2020-07-18T01:03:07.291Z] [work-queue] {"queueLength":0,"workRunningCount":1}
[debug] [2020-07-18T01:03:07.291Z] Accepted request GET /spendings-138e4/us-central1/app/test --> app
[debug] [2020-07-18T01:03:07.292Z] [worker-pool] submitWork(triggerId=app) {"metadata":{"emulator":{"name":"functions"},"message":"[worker-pool] submitWork(triggerId=app)"}}
[debug] [2020-07-18T01:03:07.292Z] [worker-app-0a505521-49f1-483f-8bfd-a4a94c1cf854]: Assigning socketPath: /var/folders/r9/_fmvn4ds67z6hms720f6sz2w0000gn/T/fire_emu_41759.sock {"metadata":{"emulator":{"name":"functions"},"message":"[worker-app-0a505521-49f1-483f-8bfd-a4a94c1cf854]: Assigning socketPath: /var/folders/r9/_fmvn4ds67z6hms720f6sz2w0000gn/T/fire_emu_41759.sock"}}
[debug] [2020-07-18T01:03:07.293Z] [worker-app-0a505521-49f1-483f-8bfd-a4a94c1cf854]: BUSY {"metadata":{"emulator":{"name":"functions"},"message":"[worker-app-0a505521-49f1-483f-8bfd-a4a94c1cf854]: BUSY"}}
[debug] [2020-07-18T01:03:07.296Z] [runtime-status] [41759] Trigger "app" has been found, beginning invocation! {"metadata":{"emulator":{"name":"functions"},"function":{"name":"app"},"message":"[runtime-status] [41759] Trigger \"app\" has been found, beginning invocation!"}}
[info] i  functions: Beginning execution of "app" {"metadata":{"emulator":{"name":"functions"},"function":{"name":"app"},"message":"Beginning execution of \"app\""}}
[debug] [2020-07-18T01:03:07.301Z] [runtime-status] [41759] triggerDefinition {"httpsTrigger":{},"name":"app","entryPoint":"app"} {"metadata":{"emulator":{"name":"functions"},"function":{"name":"app"},"message":"[runtime-status] [41759] triggerDefinition {\"httpsTrigger\":{},\"name\":\"app\",\"entryPoint\":\"app\"}"}}
[debug] [2020-07-18T01:03:07.301Z] [runtime-status] [41759] Running app in mode HTTPS {"metadata":{"emulator":{"name":"functions"},"function":{"name":"app"},"message":"[runtime-status] [41759] Running app in mode HTTPS"}}
[debug] [2020-07-18T01:03:07.305Z] [runtime-status] [41759] Attempting to listen to socketPath: /var/folders/r9/_fmvn4ds67z6hms720f6sz2w0000gn/T/fire_emu_41759.sock {"metadata":{"emulator":{"name":"functions"},"function":{"name":"app"},"message":"[runtime-status] [41759] Attempting to listen to socketPath: /var/folders/r9/_fmvn4ds67z6hms720f6sz2w0000gn/T/fire_emu_41759.sock"}}
[debug] [2020-07-18T01:03:07.306Z] [functions] Runtime ready! Sending request! {"metadata":{"emulator":{"name":"functions"},"message":"[functions] Runtime ready! Sending request!"}}
[debug] [2020-07-18T01:03:07.322Z] [runtime-status] [41759] Ephemeral server handling GET request {"metadata":{"emulator":{"name":"functions"},"function":{"name":"app"},"message":"[runtime-status] [41759] Ephemeral server handling GET request"}}
[debug] [2020-07-18T01:03:07.322Z] [runtime-status] [41759] Ephemeral server survived. {"metadata":{"emulator":{"name":"functions"},"function":{"name":"app"},"message":"[runtime-status] [41759] Ephemeral server survived."}}
[info] i  functions: Finished "app" in ~1s {"metadata":{"emulator":{"name":"functions"},"function":{"name":"app"},"message":"Finished \"app\" in ~1s"}}
[debug] [2020-07-18T01:03:07.329Z] [worker-app-0a505521-49f1-483f-8bfd-a4a94c1cf854]: IDLE {"metadata":{"emulator":{"name":"functions"},"message":"[worker-app-0a505521-49f1-483f-8bfd-a4a94c1cf854]: IDLE"}}
[debug] [2020-07-18T01:03:07.329Z] [work-queue] {"queueLength":0,"workRunningCount":0}
[debug] [2020-07-18T01:03:47.811Z] [work-queue] {"queueLength":1,"workRunningCount":0}
[debug] [2020-07-18T01:03:47.811Z] [work-queue] {"queueLength":0,"workRunningCount":1}
[debug] [2020-07-18T01:03:47.811Z] Accepted request GET /spendings-138e4/us-central1/app/test --> app
[debug] [2020-07-18T01:03:47.813Z] [worker-pool] submitWork(triggerId=app) {"metadata":{"emulator":{"name":"functions"},"message":"[worker-pool] submitWork(triggerId=app)"}}
[debug] [2020-07-18T01:03:47.813Z] [worker-app-0a505521-49f1-483f-8bfd-a4a94c1cf854]: Assigning socketPath: /var/folders/r9/_fmvn4ds67z6hms720f6sz2w0000gn/T/fire_emu_41759.sock {"metadata":{"emulator":{"name":"functions"},"message":"[worker-app-0a505521-49f1-483f-8bfd-a4a94c1cf854]: Assigning socketPath: /var/folders/r9/_fmvn4ds67z6hms720f6sz2w0000gn/T/fire_emu_41759.sock"}}
[debug] [2020-07-18T01:03:47.813Z] [worker-app-0a505521-49f1-483f-8bfd-a4a94c1cf854]: BUSY {"metadata":{"emulator":{"name":"functions"},"message":"[worker-app-0a505521-49f1-483f-8bfd-a4a94c1cf854]: BUSY"}}
[debug] [2020-07-18T01:03:47.815Z] [runtime-status] [41759] Trigger "app" has been found, beginning invocation! {"metadata":{"emulator":{"name":"functions"},"function":{"name":"app"},"message":"[runtime-status] [41759] Trigger \"app\" has been found, beginning invocation!"}}
[info] i  functions: Beginning execution of "app" {"metadata":{"emulator":{"name":"functions"},"function":{"name":"app"},"message":"Beginning execution of \"app\""}}
[debug] [2020-07-18T01:03:47.815Z] [runtime-status] [41759] triggerDefinition {"httpsTrigger":{},"name":"app","entryPoint":"app"} {"metadata":{"emulator":{"name":"functions"},"function":{"name":"app"},"message":"[runtime-status] [41759] triggerDefinition {\"httpsTrigger\":{},\"name\":\"app\",\"entryPoint\":\"app\"}"}}
[debug] [2020-07-18T01:03:47.815Z] [runtime-status] [41759] Running app in mode HTTPS {"metadata":{"emulator":{"name":"functions"},"function":{"name":"app"},"message":"[runtime-status] [41759] Running app in mode HTTPS"}}
[debug] [2020-07-18T01:03:47.815Z] [runtime-status] [41759] Attempting to listen to socketPath: /var/folders/r9/_fmvn4ds67z6hms720f6sz2w0000gn/T/fire_emu_41759.sock {"metadata":{"emulator":{"name":"functions"},"function":{"name":"app"},"message":"[runtime-status] [41759] Attempting to listen to socketPath: /var/folders/r9/_fmvn4ds67z6hms720f6sz2w0000gn/T/fire_emu_41759.sock"}}
[debug] [2020-07-18T01:03:47.817Z] [functions] Runtime ready! Sending request! {"metadata":{"emulator":{"name":"functions"},"message":"[functions] Runtime ready! Sending request!"}}
[debug] [2020-07-18T01:03:47.823Z] [runtime-status] [41759] Ephemeral server handling GET request {"metadata":{"emulator":{"name":"functions"},"function":{"name":"app"},"message":"[runtime-status] [41759] Ephemeral server handling GET request"}}
[debug] [2020-07-18T01:03:47.832Z] [runtime-status] [41759] Ephemeral server survived. {"metadata":{"emulator":{"name":"functions"},"function":{"name":"app"},"message":"[runtime-status] [41759] Ephemeral server survived."}}
[info] i  functions: Finished "app" in ~1s {"metadata":{"emulator":{"name":"functions"},"function":{"name":"app"},"message":"Finished \"app\" in ~1s"}}
[debug] [2020-07-18T01:03:47.837Z] [worker-app-0a505521-49f1-483f-8bfd-a4a94c1cf854]: IDLE {"metadata":{"emulator":{"name":"functions"},"message":"[worker-app-0a505521-49f1-483f-8bfd-a4a94c1cf854]: IDLE"}}
[debug] [2020-07-18T01:03:47.837Z] [work-queue] {"queueLength":0,"workRunningCount":0}
[debug] [2020-07-18T01:04:26.880Z] [work-queue] {"queueLength":1,"workRunningCount":0}
[debug] [2020-07-18T01:04:26.881Z] [work-queue] {"queueLength":0,"workRunningCount":1}
[debug] [2020-07-18T01:04:26.881Z] Accepted request GET /spendings-138e4/us-central1/app/test --> app
[debug] [2020-07-18T01:04:26.882Z] [worker-pool] submitWork(triggerId=app) {"metadata":{"emulator":{"name":"functions"},"message":"[worker-pool] submitWork(triggerId=app)"}}
[debug] [2020-07-18T01:04:26.882Z] [worker-app-0a505521-49f1-483f-8bfd-a4a94c1cf854]: Assigning socketPath: /var/folders/r9/_fmvn4ds67z6hms720f6sz2w0000gn/T/fire_emu_41759.sock {"metadata":{"emulator":{"name":"functions"},"message":"[worker-app-0a505521-49f1-483f-8bfd-a4a94c1cf854]: Assigning socketPath: /var/folders/r9/_fmvn4ds67z6hms720f6sz2w0000gn/T/fire_emu_41759.sock"}}
[debug] [2020-07-18T01:04:26.882Z] [worker-app-0a505521-49f1-483f-8bfd-a4a94c1cf854]: BUSY {"metadata":{"emulator":{"name":"functions"},"message":"[worker-app-0a505521-49f1-483f-8bfd-a4a94c1cf854]: BUSY"}}
[debug] [2020-07-18T01:04:26.886Z] [runtime-status] [41759] Trigger "app" has been found, beginning invocation! {"metadata":{"emulator":{"name":"functions"},"function":{"name":"app"},"message":"[runtime-status] [41759] Trigger \"app\" has been found, beginning invocation!"}}
[info] i  functions: Beginning execution of "app" {"metadata":{"emulator":{"name":"functions"},"function":{"name":"app"},"message":"Beginning execution of \"app\""}}
[debug] [2020-07-18T01:04:26.886Z] [runtime-status] [41759] triggerDefinition {"httpsTrigger":{},"name":"app","entryPoint":"app"} {"metadata":{"emulator":{"name":"functions"},"function":{"name":"app"},"message":"[runtime-status] [41759] triggerDefinition {\"httpsTrigger\":{},\"name\":\"app\",\"entryPoint\":\"app\"}"}}
[debug] [2020-07-18T01:04:26.886Z] [runtime-status] [41759] Running app in mode HTTPS {"metadata":{"emulator":{"name":"functions"},"function":{"name":"app"},"message":"[runtime-status] [41759] Running app in mode HTTPS"}}
[debug] [2020-07-18T01:04:26.889Z] [runtime-status] [41759] Attempting to listen to socketPath: /var/folders/r9/_fmvn4ds67z6hms720f6sz2w0000gn/T/fire_emu_41759.sock {"metadata":{"emulator":{"name":"functions"},"function":{"name":"app"},"message":"[runtime-status] [41759] Attempting to listen to socketPath: /var/folders/r9/_fmvn4ds67z6hms720f6sz2w0000gn/T/fire_emu_41759.sock"}}
[debug] [2020-07-18T01:04:26.896Z] [functions] Runtime ready! Sending request! {"metadata":{"emulator":{"name":"functions"},"message":"[functions] Runtime ready! Sending request!"}}
[debug] [2020-07-18T01:04:26.899Z] [runtime-status] [41759] Ephemeral server handling GET request {"metadata":{"emulator":{"name":"functions"},"function":{"name":"app"},"message":"[runtime-status] [41759] Ephemeral server handling GET request"}}
[debug] [2020-07-18T01:04:26.902Z] [runtime-status] [41759] Ephemeral server survived. {"metadata":{"emulator":{"name":"functions"},"function":{"name":"app"},"message":"[runtime-status] [41759] Ephemeral server survived."}}
[info] i  functions: Finished "app" in ~1s {"metadata":{"emulator":{"name":"functions"},"function":{"name":"app"},"message":"Finished \"app\" in ~1s"}}
[debug] [2020-07-18T01:04:26.903Z] [worker-app-0a505521-49f1-483f-8bfd-a4a94c1cf854]: IDLE {"metadata":{"emulator":{"name":"functions"},"message":"[worker-app-0a505521-49f1-483f-8bfd-a4a94c1cf854]: IDLE"}}
[debug] [2020-07-18T01:04:26.903Z] [work-queue] {"queueLength":0,"workRunningCount":0}
[debug] [2020-07-18T01:05:56.899Z] [work-queue] {"queueLength":1,"workRunningCount":0}
[debug] [2020-07-18T01:05:56.899Z] [work-queue] {"queueLength":0,"workRunningCount":1}
[debug] [2020-07-18T01:05:56.899Z] Accepted request GET /spendings-138e4/us-central1/app/test --> app
[debug] [2020-07-18T01:05:56.900Z] [worker-pool] submitWork(triggerId=app) {"metadata":{"emulator":{"name":"functions"},"message":"[worker-pool] submitWork(triggerId=app)"}}
[debug] [2020-07-18T01:05:56.900Z] [worker-app-0a505521-49f1-483f-8bfd-a4a94c1cf854]: Assigning socketPath: /var/folders/r9/_fmvn4ds67z6hms720f6sz2w0000gn/T/fire_emu_41759.sock {"metadata":{"emulator":{"name":"functions"},"message":"[worker-app-0a505521-49f1-483f-8bfd-a4a94c1cf854]: Assigning socketPath: /var/folders/r9/_fmvn4ds67z6hms720f6sz2w0000gn/T/fire_emu_41759.sock"}}
[debug] [2020-07-18T01:05:56.900Z] [worker-app-0a505521-49f1-483f-8bfd-a4a94c1cf854]: BUSY {"metadata":{"emulator":{"name":"functions"},"message":"[worker-app-0a505521-49f1-483f-8bfd-a4a94c1cf854]: BUSY"}}
[debug] [2020-07-18T01:05:56.905Z] [runtime-status] [41759] Trigger "app" has been found, beginning invocation! {"metadata":{"emulator":{"name":"functions"},"function":{"name":"app"},"message":"[runtime-status] [41759] Trigger \"app\" has been found, beginning invocation!"}}
[info] i  functions: Beginning execution of "app" {"metadata":{"emulator":{"name":"functions"},"function":{"name":"app"},"message":"Beginning execution of \"app\""}}
[debug] [2020-07-18T01:05:56.906Z] [runtime-status] [41759] triggerDefinition {"httpsTrigger":{},"name":"app","entryPoint":"app"} {"metadata":{"emulator":{"name":"functions"},"function":{"name":"app"},"message":"[runtime-status] [41759] triggerDefinition {\"httpsTrigger\":{},\"name\":\"app\",\"entryPoint\":\"app\"}"}}
[debug] [2020-07-18T01:05:56.906Z] [runtime-status] [41759] Running app in mode HTTPS {"metadata":{"emulator":{"name":"functions"},"function":{"name":"app"},"message":"[runtime-status] [41759] Running app in mode HTTPS"}}
[debug] [2020-07-18T01:05:56.906Z] [runtime-status] [41759] Attempting to listen to socketPath: /var/folders/r9/_fmvn4ds67z6hms720f6sz2w0000gn/T/fire_emu_41759.sock {"metadata":{"emulator":{"name":"functions"},"function":{"name":"app"},"message":"[runtime-status] [41759] Attempting to listen to socketPath: /var/folders/r9/_fmvn4ds67z6hms720f6sz2w0000gn/T/fire_emu_41759.sock"}}
[debug] [2020-07-18T01:05:56.924Z] [functions] Runtime ready! Sending request! {"metadata":{"emulator":{"name":"functions"},"message":"[functions] Runtime ready! Sending request!"}}
[debug] [2020-07-18T01:05:56.935Z] [runtime-status] [41759] Ephemeral server handling GET request {"metadata":{"emulator":{"name":"functions"},"function":{"name":"app"},"message":"[runtime-status] [41759] Ephemeral server handling GET request"}}
[debug] [2020-07-18T01:05:56.941Z] [runtime-status] [41759] Ephemeral server survived. {"metadata":{"emulator":{"name":"functions"},"function":{"name":"app"},"message":"[runtime-status] [41759] Ephemeral server survived."}}
[info] i  functions: Finished "app" in ~1s {"metadata":{"emulator":{"name":"functions"},"function":{"name":"app"},"message":"Finished \"app\" in ~1s"}}
[debug] [2020-07-18T01:05:56.942Z] [worker-app-0a505521-49f1-483f-8bfd-a4a94c1cf854]: IDLE {"metadata":{"emulator":{"name":"functions"},"message":"[worker-app-0a505521-49f1-483f-8bfd-a4a94c1cf854]: IDLE"}}
[debug] [2020-07-18T01:05:56.942Z] [work-queue] {"queueLength":0,"workRunningCount":0}
[debug] [2020-07-18T01:06:04.908Z] [work-queue] {"queueLength":1,"workRunningCount":0}
[debug] [2020-07-18T01:06:04.908Z] [work-queue] {"queueLength":0,"workRunningCount":1}
[debug] [2020-07-18T01:06:04.908Z] Accepted request GET /spendings-138e4/us-central1/app/test --> app
[debug] [2020-07-18T01:06:04.909Z] [worker-pool] submitWork(triggerId=app) {"metadata":{"emulator":{"name":"functions"},"message":"[worker-pool] submitWork(triggerId=app)"}}
[debug] [2020-07-18T01:06:04.909Z] [worker-app-0a505521-49f1-483f-8bfd-a4a94c1cf854]: Assigning socketPath: /var/folders/r9/_fmvn4ds67z6hms720f6sz2w0000gn/T/fire_emu_41759.sock {"metadata":{"emulator":{"name":"functions"},"message":"[worker-app-0a505521-49f1-483f-8bfd-a4a94c1cf854]: Assigning socketPath: /var/folders/r9/_fmvn4ds67z6hms720f6sz2w0000gn/T/fire_emu_41759.sock"}}
[debug] [2020-07-18T01:06:04.909Z] [worker-app-0a505521-49f1-483f-8bfd-a4a94c1cf854]: BUSY {"metadata":{"emulator":{"name":"functions"},"message":"[worker-app-0a505521-49f1-483f-8bfd-a4a94c1cf854]: BUSY"}}
[debug] [2020-07-18T01:06:04.910Z] [runtime-status] [41759] Trigger "app" has been found, beginning invocation! {"metadata":{"emulator":{"name":"functions"},"function":{"name":"app"},"message":"[runtime-status] [41759] Trigger \"app\" has been found, beginning invocation!"}}
[info] i  functions: Beginning execution of "app" {"metadata":{"emulator":{"name":"functions"},"function":{"name":"app"},"message":"Beginning execution of \"app\""}}
[debug] [2020-07-18T01:06:04.910Z] [runtime-status] [41759] triggerDefinition {"httpsTrigger":{},"name":"app","entryPoint":"app"} {"metadata":{"emulator":{"name":"functions"},"function":{"name":"app"},"message":"[runtime-status] [41759] triggerDefinition {\"httpsTrigger\":{},\"name\":\"app\",\"entryPoint\":\"app\"}"}}
[debug] [2020-07-18T01:06:04.910Z] [runtime-status] [41759] Running app in mode HTTPS {"metadata":{"emulator":{"name":"functions"},"function":{"name":"app"},"message":"[runtime-status] [41759] Running app in mode HTTPS"}}
[debug] [2020-07-18T01:06:04.911Z] [runtime-status] [41759] Attempting to listen to socketPath: /var/folders/r9/_fmvn4ds67z6hms720f6sz2w0000gn/T/fire_emu_41759.sock {"metadata":{"emulator":{"name":"functions"},"function":{"name":"app"},"message":"[runtime-status] [41759] Attempting to listen to socketPath: /var/folders/r9/_fmvn4ds67z6hms720f6sz2w0000gn/T/fire_emu_41759.sock"}}
[debug] [2020-07-18T01:06:04.912Z] [functions] Runtime ready! Sending request! {"metadata":{"emulator":{"name":"functions"},"message":"[functions] Runtime ready! Sending request!"}}
[debug] [2020-07-18T01:06:04.932Z] [runtime-status] [41759] Ephemeral server handling GET request {"metadata":{"emulator":{"name":"functions"},"function":{"name":"app"},"message":"[runtime-status] [41759] Ephemeral server handling GET request"}}
[debug] [2020-07-18T01:06:04.948Z] [runtime-status] [41759] Ephemeral server survived. {"metadata":{"emulator":{"name":"functions"},"function":{"name":"app"},"message":"[runtime-status] [41759] Ephemeral server survived."}}
[info] i  functions: Finished "app" in ~1s {"metadata":{"emulator":{"name":"functions"},"function":{"name":"app"},"message":"Finished \"app\" in ~1s"}}
[debug] [2020-07-18T01:06:04.959Z] [worker-app-0a505521-49f1-483f-8bfd-a4a94c1cf854]: IDLE {"metadata":{"emulator":{"name":"functions"},"message":"[worker-app-0a505521-49f1-483f-8bfd-a4a94c1cf854]: IDLE"}}
[debug] [2020-07-18T01:06:04.959Z] [work-queue] {"queueLength":0,"workRunningCount":0}
[debug] [2020-07-18T01:06:14.755Z] [work-queue] {"queueLength":1,"workRunningCount":0}
[debug] [2020-07-18T01:06:14.756Z] [work-queue] {"queueLength":0,"workRunningCount":1}
[debug] [2020-07-18T01:06:14.756Z] Accepted request GET /spendings-138e4/us-central1/app/test --> app
[debug] [2020-07-18T01:06:14.756Z] [worker-pool] submitWork(triggerId=app) {"metadata":{"emulator":{"name":"functions"},"message":"[worker-pool] submitWork(triggerId=app)"}}
[debug] [2020-07-18T01:06:14.756Z] [worker-app-0a505521-49f1-483f-8bfd-a4a94c1cf854]: Assigning socketPath: /var/folders/r9/_fmvn4ds67z6hms720f6sz2w0000gn/T/fire_emu_41759.sock {"metadata":{"emulator":{"name":"functions"},"message":"[worker-app-0a505521-49f1-483f-8bfd-a4a94c1cf854]: Assigning socketPath: /var/folders/r9/_fmvn4ds67z6hms720f6sz2w0000gn/T/fire_emu_41759.sock"}}
[debug] [2020-07-18T01:06:14.756Z] [worker-app-0a505521-49f1-483f-8bfd-a4a94c1cf854]: BUSY {"metadata":{"emulator":{"name":"functions"},"message":"[worker-app-0a505521-49f1-483f-8bfd-a4a94c1cf854]: BUSY"}}
[debug] [2020-07-18T01:06:14.757Z] [runtime-status] [41759] Trigger "app" has been found, beginning invocation! {"metadata":{"emulator":{"name":"functions"},"function":{"name":"app"},"message":"[runtime-status] [41759] Trigger \"app\" has been found, beginning invocation!"}}
[info] i  functions: Beginning execution of "app" {"metadata":{"emulator":{"name":"functions"},"function":{"name":"app"},"message":"Beginning execution of \"app\""}}
[debug] [2020-07-18T01:06:14.758Z] [runtime-status] [41759] triggerDefinition {"httpsTrigger":{},"name":"app","entryPoint":"app"} {"metadata":{"emulator":{"name":"functions"},"function":{"name":"app"},"message":"[runtime-status] [41759] triggerDefinition {\"httpsTrigger\":{},\"name\":\"app\",\"entryPoint\":\"app\"}"}}
[debug] [2020-07-18T01:06:14.758Z] [runtime-status] [41759] Running app in mode HTTPS {"metadata":{"emulator":{"name":"functions"},"function":{"name":"app"},"message":"[runtime-status] [41759] Running app in mode HTTPS"}}
[debug] [2020-07-18T01:06:14.778Z] [runtime-status] [41759] Attempting to listen to socketPath: /var/folders/r9/_fmvn4ds67z6hms720f6sz2w0000gn/T/fire_emu_41759.sock {"metadata":{"emulator":{"name":"functions"},"function":{"name":"app"},"message":"[runtime-status] [41759] Attempting to listen to socketPath: /var/folders/r9/_fmvn4ds67z6hms720f6sz2w0000gn/T/fire_emu_41759.sock"}}
[debug] [2020-07-18T01:06:14.785Z] [functions] Runtime ready! Sending request! {"metadata":{"emulator":{"name":"functions"},"message":"[functions] Runtime ready! Sending request!"}}
[debug] [2020-07-18T01:06:14.790Z] [runtime-status] [41759] Ephemeral server handling GET request {"metadata":{"emulator":{"name":"functions"},"function":{"name":"app"},"message":"[runtime-status] [41759] Ephemeral server handling GET request"}}
[debug] [2020-07-18T01:06:14.794Z] [runtime-status] [41759] Ephemeral server survived. {"metadata":{"emulator":{"name":"functions"},"function":{"name":"app"},"message":"[runtime-status] [41759] Ephemeral server survived."}}
[info] i  functions: Finished "app" in ~1s {"metadata":{"emulator":{"name":"functions"},"function":{"name":"app"},"message":"Finished \"app\" in ~1s"}}
[debug] [2020-07-18T01:06:14.796Z] [worker-app-0a505521-49f1-483f-8bfd-a4a94c1cf854]: IDLE {"metadata":{"emulator":{"name":"functions"},"message":"[worker-app-0a505521-49f1-483f-8bfd-a4a94c1cf854]: IDLE"}}
[debug] [2020-07-18T01:06:14.796Z] [work-queue] {"queueLength":0,"workRunningCount":0}
[debug] [2020-07-18T01:07:02.223Z] [work-queue] {"queueLength":1,"workRunningCount":0}
[debug] [2020-07-18T01:07:02.223Z] [work-queue] {"queueLength":0,"workRunningCount":1}
[debug] [2020-07-18T01:07:02.224Z] Accepted request GET /spendings-138e4/us-central1/app/test --> app
[debug] [2020-07-18T01:07:02.224Z] [worker-pool] submitWork(triggerId=app) {"metadata":{"emulator":{"name":"functions"},"message":"[worker-pool] submitWork(triggerId=app)"}}
[debug] [2020-07-18T01:07:02.224Z] [worker-app-0a505521-49f1-483f-8bfd-a4a94c1cf854]: Assigning socketPath: /var/folders/r9/_fmvn4ds67z6hms720f6sz2w0000gn/T/fire_emu_41759.sock {"metadata":{"emulator":{"name":"functions"},"message":"[worker-app-0a505521-49f1-483f-8bfd-a4a94c1cf854]: Assigning socketPath: /var/folders/r9/_fmvn4ds67z6hms720f6sz2w0000gn/T/fire_emu_41759.sock"}}
[debug] [2020-07-18T01:07:02.224Z] [worker-app-0a505521-49f1-483f-8bfd-a4a94c1cf854]: BUSY {"metadata":{"emulator":{"name":"functions"},"message":"[worker-app-0a505521-49f1-483f-8bfd-a4a94c1cf854]: BUSY"}}
[debug] [2020-07-18T01:07:02.225Z] [runtime-status] [41759] Trigger "app" has been found, beginning invocation! {"metadata":{"emulator":{"name":"functions"},"function":{"name":"app"},"message":"[runtime-status] [41759] Trigger \"app\" has been found, beginning invocation!"}}
[info] i  functions: Beginning execution of "app" {"metadata":{"emulator":{"name":"functions"},"function":{"name":"app"},"message":"Beginning execution of \"app\""}}
[debug] [2020-07-18T01:07:02.225Z] [runtime-status] [41759] triggerDefinition {"httpsTrigger":{},"name":"app","entryPoint":"app"} {"metadata":{"emulator":{"name":"functions"},"function":{"name":"app"},"message":"[runtime-status] [41759] triggerDefinition {\"httpsTrigger\":{},\"name\":\"app\",\"entryPoint\":\"app\"}"}}
[debug] [2020-07-18T01:07:02.225Z] [runtime-status] [41759] Running app in mode HTTPS {"metadata":{"emulator":{"name":"functions"},"function":{"name":"app"},"message":"[runtime-status] [41759] Running app in mode HTTPS"}}
[debug] [2020-07-18T01:07:02.225Z] [runtime-status] [41759] Attempting to listen to socketPath: /var/folders/r9/_fmvn4ds67z6hms720f6sz2w0000gn/T/fire_emu_41759.sock {"metadata":{"emulator":{"name":"functions"},"function":{"name":"app"},"message":"[runtime-status] [41759] Attempting to listen to socketPath: /var/folders/r9/_fmvn4ds67z6hms720f6sz2w0000gn/T/fire_emu_41759.sock"}}
[debug] [2020-07-18T01:07:02.231Z] [functions] Runtime ready! Sending request! {"metadata":{"emulator":{"name":"functions"},"message":"[functions] Runtime ready! Sending request!"}}
[debug] [2020-07-18T01:07:02.234Z] [runtime-status] [41759] Ephemeral server handling GET request {"metadata":{"emulator":{"name":"functions"},"function":{"name":"app"},"message":"[runtime-status] [41759] Ephemeral server handling GET request"}}
[debug] [2020-07-18T01:07:02.236Z] [runtime-status] [41759] Ephemeral server survived. {"metadata":{"emulator":{"name":"functions"},"function":{"name":"app"},"message":"[runtime-status] [41759] Ephemeral server survived."}}
[info] i  functions: Finished "app" in ~1s {"metadata":{"emulator":{"name":"functions"},"function":{"name":"app"},"message":"Finished \"app\" in ~1s"}}
[debug] [2020-07-18T01:07:02.236Z] [worker-app-0a505521-49f1-483f-8bfd-a4a94c1cf854]: IDLE {"metadata":{"emulator":{"name":"functions"},"message":"[worker-app-0a505521-49f1-483f-8bfd-a4a94c1cf854]: IDLE"}}
[debug] [2020-07-18T01:07:02.236Z] [work-queue] {"queueLength":0,"workRunningCount":0}
[debug] [2020-07-18T01:07:19.244Z] [work-queue] {"queueLength":1,"workRunningCount":0}
[debug] [2020-07-18T01:07:19.245Z] [work-queue] {"queueLength":0,"workRunningCount":1}
[debug] [2020-07-18T01:07:19.245Z] Accepted request GET /spendings-138e4/us-central1/app/test --> app
[debug] [2020-07-18T01:07:19.247Z] [worker-pool] submitWork(triggerId=app) {"metadata":{"emulator":{"name":"functions"},"message":"[worker-pool] submitWork(triggerId=app)"}}
[debug] [2020-07-18T01:07:19.248Z] [worker-app-0a505521-49f1-483f-8bfd-a4a94c1cf854]: Assigning socketPath: /var/folders/r9/_fmvn4ds67z6hms720f6sz2w0000gn/T/fire_emu_41759.sock {"metadata":{"emulator":{"name":"functions"},"message":"[worker-app-0a505521-49f1-483f-8bfd-a4a94c1cf854]: Assigning socketPath: /var/folders/r9/_fmvn4ds67z6hms720f6sz2w0000gn/T/fire_emu_41759.sock"}}
[debug] [2020-07-18T01:07:19.248Z] [worker-app-0a505521-49f1-483f-8bfd-a4a94c1cf854]: BUSY {"metadata":{"emulator":{"name":"functions"},"message":"[worker-app-0a505521-49f1-483f-8bfd-a4a94c1cf854]: BUSY"}}
[debug] [2020-07-18T01:07:19.250Z] [runtime-status] [41759] Trigger "app" has been found, beginning invocation! {"metadata":{"emulator":{"name":"functions"},"function":{"name":"app"},"message":"[runtime-status] [41759] Trigger \"app\" has been found, beginning invocation!"}}
[info] i  functions: Beginning execution of "app" {"metadata":{"emulator":{"name":"functions"},"function":{"name":"app"},"message":"Beginning execution of \"app\""}}
[debug] [2020-07-18T01:07:19.259Z] [runtime-status] [41759] triggerDefinition {"httpsTrigger":{},"name":"app","entryPoint":"app"} {"metadata":{"emulator":{"name":"functions"},"function":{"name":"app"},"message":"[runtime-status] [41759] triggerDefinition {\"httpsTrigger\":{},\"name\":\"app\",\"entryPoint\":\"app\"}"}}
[debug] [2020-07-18T01:07:19.259Z] [runtime-status] [41759] Running app in mode HTTPS {"metadata":{"emulator":{"name":"functions"},"function":{"name":"app"},"message":"[runtime-status] [41759] Running app in mode HTTPS"}}
[debug] [2020-07-18T01:07:19.259Z] [runtime-status] [41759] Attempting to listen to socketPath: /var/folders/r9/_fmvn4ds67z6hms720f6sz2w0000gn/T/fire_emu_41759.sock {"metadata":{"emulator":{"name":"functions"},"function":{"name":"app"},"message":"[runtime-status] [41759] Attempting to listen to socketPath: /var/folders/r9/_fmvn4ds67z6hms720f6sz2w0000gn/T/fire_emu_41759.sock"}}
[debug] [2020-07-18T01:07:19.265Z] [functions] Runtime ready! Sending request! {"metadata":{"emulator":{"name":"functions"},"message":"[functions] Runtime ready! Sending request!"}}
[debug] [2020-07-18T01:07:19.267Z] [runtime-status] [41759] Ephemeral server handling GET request {"metadata":{"emulator":{"name":"functions"},"function":{"name":"app"},"message":"[runtime-status] [41759] Ephemeral server handling GET request"}}
[debug] [2020-07-18T01:07:19.270Z] [runtime-status] [41759] Ephemeral server survived. {"metadata":{"emulator":{"name":"functions"},"function":{"name":"app"},"message":"[runtime-status] [41759] Ephemeral server survived."}}
[info] i  functions: Finished "app" in ~1s {"metadata":{"emulator":{"name":"functions"},"function":{"name":"app"},"message":"Finished \"app\" in ~1s"}}
[debug] [2020-07-18T01:07:19.272Z] [worker-app-0a505521-49f1-483f-8bfd-a4a94c1cf854]: IDLE {"metadata":{"emulator":{"name":"functions"},"message":"[worker-app-0a505521-49f1-483f-8bfd-a4a94c1cf854]: IDLE"}}
[debug] [2020-07-18T01:07:19.272Z] [work-queue] {"queueLength":0,"workRunningCount":0}
[debug] [2020-07-18T01:08:26.343Z] [work-queue] {"queueLength":1,"workRunningCount":0}
[debug] [2020-07-18T01:08:26.343Z] [work-queue] {"queueLength":0,"workRunningCount":1}
[debug] [2020-07-18T01:08:26.343Z] Accepted request GET /spendings-138e4/us-central1/app/test --> app
[debug] [2020-07-18T01:08:26.343Z] [worker-pool] submitWork(triggerId=app) {"metadata":{"emulator":{"name":"functions"},"message":"[worker-pool] submitWork(triggerId=app)"}}
[debug] [2020-07-18T01:08:26.343Z] [worker-app-0a505521-49f1-483f-8bfd-a4a94c1cf854]: Assigning socketPath: /var/folders/r9/_fmvn4ds67z6hms720f6sz2w0000gn/T/fire_emu_41759.sock {"metadata":{"emulator":{"name":"functions"},"message":"[worker-app-0a505521-49f1-483f-8bfd-a4a94c1cf854]: Assigning socketPath: /var/folders/r9/_fmvn4ds67z6hms720f6sz2w0000gn/T/fire_emu_41759.sock"}}
[debug] [2020-07-18T01:08:26.343Z] [worker-app-0a505521-49f1-483f-8bfd-a4a94c1cf854]: BUSY {"metadata":{"emulator":{"name":"functions"},"message":"[worker-app-0a505521-49f1-483f-8bfd-a4a94c1cf854]: BUSY"}}
[debug] [2020-07-18T01:08:26.344Z] [runtime-status] [41759] Trigger "app" has been found, beginning invocation! {"metadata":{"emulator":{"name":"functions"},"function":{"name":"app"},"message":"[runtime-status] [41759] Trigger \"app\" has been found, beginning invocation!"}}
[info] i  functions: Beginning execution of "app" {"metadata":{"emulator":{"name":"functions"},"function":{"name":"app"},"message":"Beginning execution of \"app\""}}
[debug] [2020-07-18T01:08:26.344Z] [runtime-status] [41759] triggerDefinition {"httpsTrigger":{},"name":"app","entryPoint":"app"} {"metadata":{"emulator":{"name":"functions"},"function":{"name":"app"},"message":"[runtime-status] [41759] triggerDefinition {\"httpsTrigger\":{},\"name\":\"app\",\"entryPoint\":\"app\"}"}}
[debug] [2020-07-18T01:08:26.345Z] [runtime-status] [41759] Running app in mode HTTPS {"metadata":{"emulator":{"name":"functions"},"function":{"name":"app"},"message":"[runtime-status] [41759] Running app in mode HTTPS"}}
[debug] [2020-07-18T01:08:26.349Z] [runtime-status] [41759] Attempting to listen to socketPath: /var/folders/r9/_fmvn4ds67z6hms720f6sz2w0000gn/T/fire_emu_41759.sock {"metadata":{"emulator":{"name":"functions"},"function":{"name":"app"},"message":"[runtime-status] [41759] Attempting to listen to socketPath: /var/folders/r9/_fmvn4ds67z6hms720f6sz2w0000gn/T/fire_emu_41759.sock"}}
[debug] [2020-07-18T01:08:26.351Z] [functions] Runtime ready! Sending request! {"metadata":{"emulator":{"name":"functions"},"message":"[functions] Runtime ready! Sending request!"}}
[debug] [2020-07-18T01:08:26.354Z] [runtime-status] [41759] Ephemeral server handling GET request {"metadata":{"emulator":{"name":"functions"},"function":{"name":"app"},"message":"[runtime-status] [41759] Ephemeral server handling GET request"}}
[debug] [2020-07-18T01:08:26.356Z] [runtime-status] [41759] Ephemeral server survived. {"metadata":{"emulator":{"name":"functions"},"function":{"name":"app"},"message":"[runtime-status] [41759] Ephemeral server survived."}}
[info] i  functions: Finished "app" in ~1s {"metadata":{"emulator":{"name":"functions"},"function":{"name":"app"},"message":"Finished \"app\" in ~1s"}}
[debug] [2020-07-18T01:08:26.357Z] [worker-app-0a505521-49f1-483f-8bfd-a4a94c1cf854]: IDLE {"metadata":{"emulator":{"name":"functions"},"message":"[worker-app-0a505521-49f1-483f-8bfd-a4a94c1cf854]: IDLE"}}
[debug] [2020-07-18T01:08:26.358Z] [work-queue] {"queueLength":0,"workRunningCount":0}
