[debug] [2020-07-18T01:43:26.883Z] ----------------------------------------------------------------------
[debug] [2020-07-18T01:43:26.885Z] Command:       /usr/local/bin/node /usr/local/bin/firebase serve
[debug] [2020-07-18T01:43:26.886Z] CLI Version:   8.4.1
[debug] [2020-07-18T01:43:26.886Z] Platform:      darwin
[debug] [2020-07-18T01:43:26.886Z] Node Version:  v12.17.0
[debug] [2020-07-18T01:43:26.900Z] Time:          Fri Jul 17 2020 18:43:26 GMT-0700 (Pacific Daylight Time)
[debug] [2020-07-18T01:43:26.901Z] ----------------------------------------------------------------------
[debug] [2020-07-18T01:43:26.901Z] 
[debug] [2020-07-18T01:43:26.919Z] > command requires scopes: ["email","openid","https://www.googleapis.com/auth/cloudplatformprojects.readonly","https://www.googleapis.com/auth/firebase","https://www.googleapis.com/auth/cloud-platform"]
[debug] [2020-07-18T01:43:26.919Z] > authorizing via signed-in user
[debug] [2020-07-18T01:43:26.919Z] [iam] checking project spendings-138e4 for permissions ["firebase.projects.get"]
[debug] [2020-07-18T01:43:26.923Z] > refreshing access token with scopes: ["email","https://www.googleapis.com/auth/cloud-platform","https://www.googleapis.com/auth/cloudplatformprojects.readonly","https://www.googleapis.com/auth/firebase","openid"]
[debug] [2020-07-18T01:43:26.923Z] >>> HTTP REQUEST POST https://www.googleapis.com/oauth2/v3/token  
 <request body omitted>
[debug] [2020-07-18T01:43:27.147Z] <<< HTTP RESPONSE 200 {"content-type":"application/json; charset=utf-8","vary":"X-Origin, Referer, Origin,Accept-Encoding","date":"Sat, 18 Jul 2020 01:43:27 GMT","server":"scaffolding on HTTPServer2","cache-control":"private","x-xss-protection":"0","x-frame-options":"SAMEORIGIN","x-content-type-options":"nosniff","alt-svc":"h3-29=\":443\"; ma=2592000,h3-27=\":443\"; ma=2592000,h3-25=\":443\"; ma=2592000,h3-T050=\":443\"; ma=2592000,h3-Q050=\":443\"; ma=2592000,h3-Q046=\":443\"; ma=2592000,h3-Q043=\":443\"; ma=2592000,quic=\":443\"; ma=2592000; v=\"46,43\"","accept-ranges":"none","transfer-encoding":"chunked"}
[debug] [2020-07-18T01:43:27.165Z] >>> HTTP REQUEST POST https://cloudresourcemanager.googleapis.com/v1/projects/spendings-138e4:testIamPermissions  
 {"permissions":["firebase.projects.get"]}
[debug] [2020-07-18T01:43:27.491Z] <<< HTTP RESPONSE 200 {"content-type":"application/json; charset=UTF-8","vary":"X-Origin, Referer, Origin,Accept-Encoding","date":"Sat, 18 Jul 2020 01:43:27 GMT","server":"ESF","cache-control":"private","x-xss-protection":"0","x-frame-options":"SAMEORIGIN","x-content-type-options":"nosniff","server-timing":"gfet4t7; dur=158","alt-svc":"h3-29=\":443\"; ma=2592000,h3-27=\":443\"; ma=2592000,h3-25=\":443\"; ma=2592000,h3-T050=\":443\"; ma=2592000,h3-Q050=\":443\"; ma=2592000,h3-Q046=\":443\"; ma=2592000,h3-Q043=\":443\"; ma=2592000,quic=\":443\"; ma=2592000; v=\"46,43\"","accept-ranges":"none","transfer-encoding":"chunked"}
[debug] [2020-07-18T01:43:27.494Z] >>> HTTP REQUEST GET https://firebase.googleapis.com/v1beta1/projects/spendings-138e4  
 
[debug] [2020-07-18T01:43:27.676Z] <<< HTTP RESPONSE 200 {"content-type":"application/json; charset=UTF-8","vary":"X-Origin, Referer, Origin,Accept-Encoding","date":"Sat, 18 Jul 2020 01:43:27 GMT","server":"ESF","cache-control":"private","x-xss-protection":"0","x-frame-options":"SAMEORIGIN","x-content-type-options":"nosniff","alt-svc":"h3-29=\":443\"; ma=2592000,h3-27=\":443\"; ma=2592000,h3-25=\":443\"; ma=2592000,h3-T050=\":443\"; ma=2592000,h3-Q050=\":443\"; ma=2592000,h3-Q046=\":443\"; ma=2592000,h3-Q043=\":443\"; ma=2592000,quic=\":443\"; ma=2592000; v=\"46,43\"","accept-ranges":"none","transfer-encoding":"chunked"}
[info] 
[info] === Serving from '/Users/travischan/Dev/first'...
[info] 
[warn] ⚠  Your requested "node" version "8" doesn't match your global version "12" {"metadata":{"emulator":{"name":"functions"},"message":"Your requested \"node\" version \"8\" doesn't match your global version \"12\""}}
[info] i  functions: Watching "/Users/travischan/Dev/first/functions" for Cloud Functions... {"metadata":{"emulator":{"name":"functions"},"message":"Watching \"/Users/travischan/Dev/first/functions\" for Cloud Functions..."}}
[debug] [2020-07-18T01:43:27.780Z] [worker-pool] addWorker(~diagnostic~) {"metadata":{"emulator":{"name":"functions"},"message":"[worker-pool] addWorker(~diagnostic~)"}}
[debug] [2020-07-18T01:43:27.780Z] [worker-pool] Adding worker with key ~diagnostic~, total=1 {"metadata":{"emulator":{"name":"functions"},"message":"[worker-pool] Adding worker with key ~diagnostic~, total=1"}}
[debug] [2020-07-18T01:43:27.780Z] [worker-pool] submitWork(triggerId=) {"metadata":{"emulator":{"name":"functions"},"message":"[worker-pool] submitWork(triggerId=)"}}
[debug] [2020-07-18T01:43:27.781Z] [worker-~diagnostic~-4b8f50e8-5e86-469a-bb94-255ace4bc46d]: Assigning socketPath: /var/folders/r9/_fmvn4ds67z6hms720f6sz2w0000gn/T/fire_emu_45534.sock {"metadata":{"emulator":{"name":"functions"},"message":"[worker-~diagnostic~-4b8f50e8-5e86-469a-bb94-255ace4bc46d]: Assigning socketPath: /var/folders/r9/_fmvn4ds67z6hms720f6sz2w0000gn/T/fire_emu_45534.sock"}}
[debug] [2020-07-18T01:43:27.781Z] [worker-~diagnostic~-4b8f50e8-5e86-469a-bb94-255ace4bc46d]: BUSY {"metadata":{"emulator":{"name":"functions"},"message":"[worker-~diagnostic~-4b8f50e8-5e86-469a-bb94-255ace4bc46d]: BUSY"}}
[debug] [2020-07-18T01:43:28.294Z] [runtime-status] [45534] Functions runtime initialized. {"cwd":"/Users/travischan/Dev/first/functions","node_version":"12.17.0"} {"metadata":{"emulator":{"name":"functions"},"message":"[runtime-status] [45534] Functions runtime initialized. {\"cwd\":\"/Users/travischan/Dev/first/functions\",\"node_version\":\"12.17.0\"}"}}
[debug] [2020-07-18T01:43:28.294Z] [runtime-status] [45534] Disabled runtime features: undefined {"metadata":{"emulator":{"name":"functions"},"message":"[runtime-status] [45534] Disabled runtime features: undefined"}}
[debug] [2020-07-18T01:43:28.300Z] [runtime-status] [45534] Resolved module firebase-admin {"declared":true,"installed":true,"version":"8.13.0","resolution":"/Users/travischan/Dev/first/functions/node_modules/firebase-admin/lib/index.js"} {"metadata":{"emulator":{"name":"functions"},"message":"[runtime-status] [45534] Resolved module firebase-admin {\"declared\":true,\"installed\":true,\"version\":\"8.13.0\",\"resolution\":\"/Users/travischan/Dev/first/functions/node_modules/firebase-admin/lib/index.js\"}"}}
[debug] [2020-07-18T01:43:28.303Z] [runtime-status] [45534] Resolved module firebase-functions {"declared":true,"installed":true,"version":"3.8.0","resolution":"/Users/travischan/Dev/first/functions/node_modules/firebase-functions/lib/index.js"} {"metadata":{"emulator":{"name":"functions"},"message":"[runtime-status] [45534] Resolved module firebase-functions {\"declared\":true,\"installed\":true,\"version\":\"3.8.0\",\"resolution\":\"/Users/travischan/Dev/first/functions/node_modules/firebase-functions/lib/index.js\"}"}}
[debug] [2020-07-18T01:43:28.305Z] [runtime-status] [45534] Outgoing network have been stubbed. [{"name":"http","status":"mocked"},{"name":"http","status":"mocked"},{"name":"https","status":"mocked"},{"name":"https","status":"mocked"},{"name":"net","status":"mocked"}] {"metadata":{"emulator":{"name":"functions"},"message":"[runtime-status] [45534] Outgoing network have been stubbed. [{\"name\":\"http\",\"status\":\"mocked\"},{\"name\":\"http\",\"status\":\"mocked\"},{\"name\":\"https\",\"status\":\"mocked\"},{\"name\":\"https\",\"status\":\"mocked\"},{\"name\":\"net\",\"status\":\"mocked\"}]"}}
[debug] [2020-07-18T01:43:28.305Z] [runtime-status] [45534] Resolved module firebase-functions {"declared":true,"installed":true,"version":"3.8.0","resolution":"/Users/travischan/Dev/first/functions/node_modules/firebase-functions/lib/index.js"} {"metadata":{"emulator":{"name":"functions"},"message":"[runtime-status] [45534] Resolved module firebase-functions {\"declared\":true,\"installed\":true,\"version\":\"3.8.0\",\"resolution\":\"/Users/travischan/Dev/first/functions/node_modules/firebase-functions/lib/index.js\"}"}}
[debug] [2020-07-18T01:43:28.373Z] [runtime-status] [45534] Checked functions.config() {"config":{}} {"metadata":{"emulator":{"name":"functions"},"message":"[runtime-status] [45534] Checked functions.config() {\"config\":{}}"}}
[debug] [2020-07-18T01:43:28.374Z] [runtime-status] [45534] firebase-functions has been stubbed. {"functionsResolution":{"declared":true,"installed":true,"version":"3.8.0","resolution":"/Users/travischan/Dev/first/functions/node_modules/firebase-functions/lib/index.js"}} {"metadata":{"emulator":{"name":"functions"},"message":"[runtime-status] [45534] firebase-functions has been stubbed. {\"functionsResolution\":{\"declared\":true,\"installed\":true,\"version\":\"3.8.0\",\"resolution\":\"/Users/travischan/Dev/first/functions/node_modules/firebase-functions/lib/index.js\"}}"}}
[debug] [2020-07-18T01:43:28.374Z] [runtime-status] [45534] Resolved module firebase-functions {"declared":true,"installed":true,"version":"3.8.0","resolution":"/Users/travischan/Dev/first/functions/node_modules/firebase-functions/lib/index.js"} {"metadata":{"emulator":{"name":"functions"},"message":"[runtime-status] [45534] Resolved module firebase-functions {\"declared\":true,\"installed\":true,\"version\":\"3.8.0\",\"resolution\":\"/Users/travischan/Dev/first/functions/node_modules/firebase-functions/lib/index.js\"}"}}
[debug] [2020-07-18T01:43:28.375Z] [runtime-status] [45534] Resolved module firebase-admin {"declared":true,"installed":true,"version":"8.13.0","resolution":"/Users/travischan/Dev/first/functions/node_modules/firebase-admin/lib/index.js"} {"metadata":{"emulator":{"name":"functions"},"message":"[runtime-status] [45534] Resolved module firebase-admin {\"declared\":true,\"installed\":true,\"version\":\"8.13.0\",\"resolution\":\"/Users/travischan/Dev/first/functions/node_modules/firebase-admin/lib/index.js\"}"}}
[debug] [2020-07-18T01:43:28.375Z] [runtime-status] [45534] Resolved module firebase-functions {"declared":true,"installed":true,"version":"3.8.0","resolution":"/Users/travischan/Dev/first/functions/node_modules/firebase-functions/lib/index.js"} {"metadata":{"emulator":{"name":"functions"},"message":"[runtime-status] [45534] Resolved module firebase-functions {\"declared\":true,\"installed\":true,\"version\":\"3.8.0\",\"resolution\":\"/Users/travischan/Dev/first/functions/node_modules/firebase-functions/lib/index.js\"}"}}
[debug] [2020-07-18T01:43:28.376Z] [runtime-status] [45534] firebase-admin has been stubbed. {"adminResolution":{"declared":true,"installed":true,"version":"8.13.0","resolution":"/Users/travischan/Dev/first/functions/node_modules/firebase-admin/lib/index.js"}} {"metadata":{"emulator":{"name":"functions"},"message":"[runtime-status] [45534] firebase-admin has been stubbed. {\"adminResolution\":{\"declared\":true,\"installed\":true,\"version\":\"8.13.0\",\"resolution\":\"/Users/travischan/Dev/first/functions/node_modules/firebase-admin/lib/index.js\"}}"}}
[debug] [2020-07-18T01:43:28.704Z] [runtime-status] [45534] initializeApp(DEFAULT) {"databaseURL":"https://spendings-138e4.firebaseio.com","storageBucket":"spendings-138e4.appspot.com","projectId":"spendings-138e4"} {"metadata":{"emulator":{"name":"functions"},"message":"[runtime-status] [45534] initializeApp(DEFAULT) {\"databaseURL\":\"https://spendings-138e4.firebaseio.com\",\"storageBucket\":\"spendings-138e4.appspot.com\",\"projectId\":\"spendings-138e4\"}"}}
[warn] ⚠  functions: The Cloud Firestore emulator is not running, so calls to Firestore will affect production. {"metadata":{"emulator":{"name":"functions"},"message":"The Cloud Firestore emulator is not running, so calls to Firestore will affect production."}}
[info] ✔  functions[app]: http function initialized (http://localhost:5000/spendings-138e4/us-central1/app). {"metadata":{"emulator":{"name":"functions"},"message":"\u001b[1mhttp\u001b[22m function initialized (http://localhost:5000/spendings-138e4/us-central1/app)."}}
[debug] [2020-07-18T01:43:29.823Z] [worker-~diagnostic~-4b8f50e8-5e86-469a-bb94-255ace4bc46d]: IDLE {"metadata":{"emulator":{"name":"functions"},"message":"[worker-~diagnostic~-4b8f50e8-5e86-469a-bb94-255ace4bc46d]: IDLE"}}
[debug] [2020-07-18T01:50:56.415Z] [work-queue] {"queueLength":1,"workRunningCount":0}
[debug] [2020-07-18T01:50:56.421Z] [work-queue] {"queueLength":0,"workRunningCount":1}
[debug] [2020-07-18T01:50:56.421Z] Accepted request GET /spendings-138e4/us-central1/app/test --> app
[debug] [2020-07-18T01:50:56.436Z] [worker-pool] addWorker(app) {"metadata":{"emulator":{"name":"functions"},"message":"[worker-pool] addWorker(app)"}}
[debug] [2020-07-18T01:50:56.437Z] [worker-pool] Adding worker with key app, total=1 {"metadata":{"emulator":{"name":"functions"},"message":"[worker-pool] Adding worker with key app, total=1"}}
[debug] [2020-07-18T01:50:56.437Z] [worker-pool] submitWork(triggerId=app) {"metadata":{"emulator":{"name":"functions"},"message":"[worker-pool] submitWork(triggerId=app)"}}
[debug] [2020-07-18T01:50:56.438Z] [worker-app-a0b0abdb-1acb-4cd4-95ad-cca0e56e1918]: Assigning socketPath: /var/folders/r9/_fmvn4ds67z6hms720f6sz2w0000gn/T/fire_emu_47277.sock {"metadata":{"emulator":{"name":"functions"},"message":"[worker-app-a0b0abdb-1acb-4cd4-95ad-cca0e56e1918]: Assigning socketPath: /var/folders/r9/_fmvn4ds67z6hms720f6sz2w0000gn/T/fire_emu_47277.sock"}}
[debug] [2020-07-18T01:50:56.439Z] [worker-app-a0b0abdb-1acb-4cd4-95ad-cca0e56e1918]: BUSY {"metadata":{"emulator":{"name":"functions"},"message":"[worker-app-a0b0abdb-1acb-4cd4-95ad-cca0e56e1918]: BUSY"}}
[debug] [2020-07-18T01:50:56.439Z] [work-queue] {"queueLength":1,"workRunningCount":1}
[debug] [2020-07-18T01:50:56.440Z] [work-queue] {"queueLength":0,"workRunningCount":2}
[debug] [2020-07-18T01:50:56.440Z] Accepted request GET /spendings-138e4/us-central1/app/test --> app
[debug] [2020-07-18T01:50:56.490Z] [worker-pool] addWorker(app) {"metadata":{"emulator":{"name":"functions"},"message":"[worker-pool] addWorker(app)"}}
[debug] [2020-07-18T01:50:56.493Z] [worker-pool] Adding worker with key app, total=2 {"metadata":{"emulator":{"name":"functions"},"message":"[worker-pool] Adding worker with key app, total=2"}}
[debug] [2020-07-18T01:50:56.493Z] [worker-pool] submitWork(triggerId=app) {"metadata":{"emulator":{"name":"functions"},"message":"[worker-pool] submitWork(triggerId=app)"}}
[debug] [2020-07-18T01:50:56.493Z] [worker-app-9ddcffd9-9438-40f1-a13c-c8d62ff00066]: Assigning socketPath: /var/folders/r9/_fmvn4ds67z6hms720f6sz2w0000gn/T/fire_emu_47278.sock {"metadata":{"emulator":{"name":"functions"},"message":"[worker-app-9ddcffd9-9438-40f1-a13c-c8d62ff00066]: Assigning socketPath: /var/folders/r9/_fmvn4ds67z6hms720f6sz2w0000gn/T/fire_emu_47278.sock"}}
[debug] [2020-07-18T01:50:56.494Z] [worker-app-9ddcffd9-9438-40f1-a13c-c8d62ff00066]: BUSY {"metadata":{"emulator":{"name":"functions"},"message":"[worker-app-9ddcffd9-9438-40f1-a13c-c8d62ff00066]: BUSY"}}
[debug] [2020-07-18T01:50:57.745Z] [runtime-status] [47278] Functions runtime initialized. {"cwd":"/Users/travischan/Dev/first/functions","node_version":"12.17.0"} {"metadata":{"emulator":{"name":"functions"},"function":{"name":"app"},"message":"[runtime-status] [47278] Functions runtime initialized. {\"cwd\":\"/Users/travischan/Dev/first/functions\",\"node_version\":\"12.17.0\"}"}}
[debug] [2020-07-18T01:50:57.749Z] [runtime-status] [47277] Functions runtime initialized. {"cwd":"/Users/travischan/Dev/first/functions","node_version":"12.17.0"} {"metadata":{"emulator":{"name":"functions"},"function":{"name":"app"},"message":"[runtime-status] [47277] Functions runtime initialized. {\"cwd\":\"/Users/travischan/Dev/first/functions\",\"node_version\":\"12.17.0\"}"}}
[debug] [2020-07-18T01:50:57.752Z] [runtime-status] [47278] Disabled runtime features: undefined {"metadata":{"emulator":{"name":"functions"},"function":{"name":"app"},"message":"[runtime-status] [47278] Disabled runtime features: undefined"}}
[debug] [2020-07-18T01:50:57.753Z] [runtime-status] [47277] Disabled runtime features: undefined {"metadata":{"emulator":{"name":"functions"},"function":{"name":"app"},"message":"[runtime-status] [47277] Disabled runtime features: undefined"}}
[debug] [2020-07-18T01:50:57.760Z] [runtime-status] [47278] Resolved module firebase-admin {"declared":true,"installed":true,"version":"8.13.0","resolution":"/Users/travischan/Dev/first/functions/node_modules/firebase-admin/lib/index.js"} {"metadata":{"emulator":{"name":"functions"},"function":{"name":"app"},"message":"[runtime-status] [47278] Resolved module firebase-admin {\"declared\":true,\"installed\":true,\"version\":\"8.13.0\",\"resolution\":\"/Users/travischan/Dev/first/functions/node_modules/firebase-admin/lib/index.js\"}"}}
[debug] [2020-07-18T01:50:57.763Z] [runtime-status] [47278] Resolved module firebase-functions {"declared":true,"installed":true,"version":"3.8.0","resolution":"/Users/travischan/Dev/first/functions/node_modules/firebase-functions/lib/index.js"} {"metadata":{"emulator":{"name":"functions"},"function":{"name":"app"},"message":"[runtime-status] [47278] Resolved module firebase-functions {\"declared\":true,\"installed\":true,\"version\":\"3.8.0\",\"resolution\":\"/Users/travischan/Dev/first/functions/node_modules/firebase-functions/lib/index.js\"}"}}
[debug] [2020-07-18T01:50:57.765Z] [runtime-status] [47278] Outgoing network have been stubbed. [{"name":"http","status":"mocked"},{"name":"http","status":"mocked"},{"name":"https","status":"mocked"},{"name":"https","status":"mocked"},{"name":"net","status":"mocked"}] {"metadata":{"emulator":{"name":"functions"},"function":{"name":"app"},"message":"[runtime-status] [47278] Outgoing network have been stubbed. [{\"name\":\"http\",\"status\":\"mocked\"},{\"name\":\"http\",\"status\":\"mocked\"},{\"name\":\"https\",\"status\":\"mocked\"},{\"name\":\"https\",\"status\":\"mocked\"},{\"name\":\"net\",\"status\":\"mocked\"}]"}}
[debug] [2020-07-18T01:50:57.766Z] [runtime-status] [47278] Resolved module firebase-functions {"declared":true,"installed":true,"version":"3.8.0","resolution":"/Users/travischan/Dev/first/functions/node_modules/firebase-functions/lib/index.js"} {"metadata":{"emulator":{"name":"functions"},"function":{"name":"app"},"message":"[runtime-status] [47278] Resolved module firebase-functions {\"declared\":true,\"installed\":true,\"version\":\"3.8.0\",\"resolution\":\"/Users/travischan/Dev/first/functions/node_modules/firebase-functions/lib/index.js\"}"}}
[debug] [2020-07-18T01:50:57.767Z] [runtime-status] [47277] Resolved module firebase-admin {"declared":true,"installed":true,"version":"8.13.0","resolution":"/Users/travischan/Dev/first/functions/node_modules/firebase-admin/lib/index.js"} {"metadata":{"emulator":{"name":"functions"},"function":{"name":"app"},"message":"[runtime-status] [47277] Resolved module firebase-admin {\"declared\":true,\"installed\":true,\"version\":\"8.13.0\",\"resolution\":\"/Users/travischan/Dev/first/functions/node_modules/firebase-admin/lib/index.js\"}"}}
[debug] [2020-07-18T01:50:57.773Z] [runtime-status] [47277] Resolved module firebase-functions {"declared":true,"installed":true,"version":"3.8.0","resolution":"/Users/travischan/Dev/first/functions/node_modules/firebase-functions/lib/index.js"} {"metadata":{"emulator":{"name":"functions"},"function":{"name":"app"},"message":"[runtime-status] [47277] Resolved module firebase-functions {\"declared\":true,\"installed\":true,\"version\":\"3.8.0\",\"resolution\":\"/Users/travischan/Dev/first/functions/node_modules/firebase-functions/lib/index.js\"}"}}
[debug] [2020-07-18T01:50:57.775Z] [runtime-status] [47277] Outgoing network have been stubbed. [{"name":"http","status":"mocked"},{"name":"http","status":"mocked"},{"name":"https","status":"mocked"},{"name":"https","status":"mocked"},{"name":"net","status":"mocked"}] {"metadata":{"emulator":{"name":"functions"},"function":{"name":"app"},"message":"[runtime-status] [47277] Outgoing network have been stubbed. [{\"name\":\"http\",\"status\":\"mocked\"},{\"name\":\"http\",\"status\":\"mocked\"},{\"name\":\"https\",\"status\":\"mocked\"},{\"name\":\"https\",\"status\":\"mocked\"},{\"name\":\"net\",\"status\":\"mocked\"}]"}}
[debug] [2020-07-18T01:50:57.776Z] [runtime-status] [47277] Resolved module firebase-functions {"declared":true,"installed":true,"version":"3.8.0","resolution":"/Users/travischan/Dev/first/functions/node_modules/firebase-functions/lib/index.js"} {"metadata":{"emulator":{"name":"functions"},"function":{"name":"app"},"message":"[runtime-status] [47277] Resolved module firebase-functions {\"declared\":true,\"installed\":true,\"version\":\"3.8.0\",\"resolution\":\"/Users/travischan/Dev/first/functions/node_modules/firebase-functions/lib/index.js\"}"}}
[debug] [2020-07-18T01:50:57.839Z] [runtime-status] [47278] Checked functions.config() {"config":{}} {"metadata":{"emulator":{"name":"functions"},"function":{"name":"app"},"message":"[runtime-status] [47278] Checked functions.config() {\"config\":{}}"}}
[debug] [2020-07-18T01:50:57.839Z] [runtime-status] [47278] firebase-functions has been stubbed. {"functionsResolution":{"declared":true,"installed":true,"version":"3.8.0","resolution":"/Users/travischan/Dev/first/functions/node_modules/firebase-functions/lib/index.js"}} {"metadata":{"emulator":{"name":"functions"},"function":{"name":"app"},"message":"[runtime-status] [47278] firebase-functions has been stubbed. {\"functionsResolution\":{\"declared\":true,\"installed\":true,\"version\":\"3.8.0\",\"resolution\":\"/Users/travischan/Dev/first/functions/node_modules/firebase-functions/lib/index.js\"}}"}}
[debug] [2020-07-18T01:50:57.839Z] [runtime-status] [47278] Resolved module firebase-functions {"declared":true,"installed":true,"version":"3.8.0","resolution":"/Users/travischan/Dev/first/functions/node_modules/firebase-functions/lib/index.js"} {"metadata":{"emulator":{"name":"functions"},"function":{"name":"app"},"message":"[runtime-status] [47278] Resolved module firebase-functions {\"declared\":true,\"installed\":true,\"version\":\"3.8.0\",\"resolution\":\"/Users/travischan/Dev/first/functions/node_modules/firebase-functions/lib/index.js\"}"}}
[debug] [2020-07-18T01:50:57.840Z] [runtime-status] [47278] Resolved module firebase-admin {"declared":true,"installed":true,"version":"8.13.0","resolution":"/Users/travischan/Dev/first/functions/node_modules/firebase-admin/lib/index.js"} {"metadata":{"emulator":{"name":"functions"},"function":{"name":"app"},"message":"[runtime-status] [47278] Resolved module firebase-admin {\"declared\":true,\"installed\":true,\"version\":\"8.13.0\",\"resolution\":\"/Users/travischan/Dev/first/functions/node_modules/firebase-admin/lib/index.js\"}"}}
[debug] [2020-07-18T01:50:57.841Z] [runtime-status] [47278] Resolved module firebase-functions {"declared":true,"installed":true,"version":"3.8.0","resolution":"/Users/travischan/Dev/first/functions/node_modules/firebase-functions/lib/index.js"} {"metadata":{"emulator":{"name":"functions"},"function":{"name":"app"},"message":"[runtime-status] [47278] Resolved module firebase-functions {\"declared\":true,\"installed\":true,\"version\":\"3.8.0\",\"resolution\":\"/Users/travischan/Dev/first/functions/node_modules/firebase-functions/lib/index.js\"}"}}
[debug] [2020-07-18T01:50:57.842Z] [runtime-status] [47278] firebase-admin has been stubbed. {"adminResolution":{"declared":true,"installed":true,"version":"8.13.0","resolution":"/Users/travischan/Dev/first/functions/node_modules/firebase-admin/lib/index.js"}} {"metadata":{"emulator":{"name":"functions"},"function":{"name":"app"},"message":"[runtime-status] [47278] firebase-admin has been stubbed. {\"adminResolution\":{\"declared\":true,\"installed\":true,\"version\":\"8.13.0\",\"resolution\":\"/Users/travischan/Dev/first/functions/node_modules/firebase-admin/lib/index.js\"}}"}}
[debug] [2020-07-18T01:50:57.878Z] [runtime-status] [47277] Checked functions.config() {"config":{}} {"metadata":{"emulator":{"name":"functions"},"function":{"name":"app"},"message":"[runtime-status] [47277] Checked functions.config() {\"config\":{}}"}}
[debug] [2020-07-18T01:50:57.883Z] [runtime-status] [47277] firebase-functions has been stubbed. {"functionsResolution":{"declared":true,"installed":true,"version":"3.8.0","resolution":"/Users/travischan/Dev/first/functions/node_modules/firebase-functions/lib/index.js"}} {"metadata":{"emulator":{"name":"functions"},"function":{"name":"app"},"message":"[runtime-status] [47277] firebase-functions has been stubbed. {\"functionsResolution\":{\"declared\":true,\"installed\":true,\"version\":\"3.8.0\",\"resolution\":\"/Users/travischan/Dev/first/functions/node_modules/firebase-functions/lib/index.js\"}}"}}
[debug] [2020-07-18T01:50:57.885Z] [runtime-status] [47277] Resolved module firebase-functions {"declared":true,"installed":true,"version":"3.8.0","resolution":"/Users/travischan/Dev/first/functions/node_modules/firebase-functions/lib/index.js"} {"metadata":{"emulator":{"name":"functions"},"function":{"name":"app"},"message":"[runtime-status] [47277] Resolved module firebase-functions {\"declared\":true,\"installed\":true,\"version\":\"3.8.0\",\"resolution\":\"/Users/travischan/Dev/first/functions/node_modules/firebase-functions/lib/index.js\"}"}}
[debug] [2020-07-18T01:50:57.887Z] [runtime-status] [47277] Resolved module firebase-admin {"declared":true,"installed":true,"version":"8.13.0","resolution":"/Users/travischan/Dev/first/functions/node_modules/firebase-admin/lib/index.js"} {"metadata":{"emulator":{"name":"functions"},"function":{"name":"app"},"message":"[runtime-status] [47277] Resolved module firebase-admin {\"declared\":true,\"installed\":true,\"version\":\"8.13.0\",\"resolution\":\"/Users/travischan/Dev/first/functions/node_modules/firebase-admin/lib/index.js\"}"}}
[debug] [2020-07-18T01:50:57.888Z] [runtime-status] [47277] Resolved module firebase-functions {"declared":true,"installed":true,"version":"3.8.0","resolution":"/Users/travischan/Dev/first/functions/node_modules/firebase-functions/lib/index.js"} {"metadata":{"emulator":{"name":"functions"},"function":{"name":"app"},"message":"[runtime-status] [47277] Resolved module firebase-functions {\"declared\":true,\"installed\":true,\"version\":\"3.8.0\",\"resolution\":\"/Users/travischan/Dev/first/functions/node_modules/firebase-functions/lib/index.js\"}"}}
[debug] [2020-07-18T01:50:57.889Z] [runtime-status] [47277] firebase-admin has been stubbed. {"adminResolution":{"declared":true,"installed":true,"version":"8.13.0","resolution":"/Users/travischan/Dev/first/functions/node_modules/firebase-admin/lib/index.js"}} {"metadata":{"emulator":{"name":"functions"},"function":{"name":"app"},"message":"[runtime-status] [47277] firebase-admin has been stubbed. {\"adminResolution\":{\"declared\":true,\"installed\":true,\"version\":\"8.13.0\",\"resolution\":\"/Users/travischan/Dev/first/functions/node_modules/firebase-admin/lib/index.js\"}}"}}
[debug] [2020-07-18T01:50:58.113Z] [runtime-status] [47278] initializeApp(DEFAULT) {"databaseURL":"https://spendings-138e4.firebaseio.com","storageBucket":"spendings-138e4.appspot.com","projectId":"spendings-138e4"} {"metadata":{"emulator":{"name":"functions"},"function":{"name":"app"},"message":"[runtime-status] [47278] initializeApp(DEFAULT) {\"databaseURL\":\"https://spendings-138e4.firebaseio.com\",\"storageBucket\":\"spendings-138e4.appspot.com\",\"projectId\":\"spendings-138e4\"}"}}
[warn] ⚠  functions: The Cloud Firestore emulator is not running, so calls to Firestore will affect production. {"metadata":{"emulator":{"name":"functions"},"function":{"name":"app"},"message":"The Cloud Firestore emulator is not running, so calls to Firestore will affect production."}}
[debug] [2020-07-18T01:50:58.119Z] [runtime-status] [47277] initializeApp(DEFAULT) {"databaseURL":"https://spendings-138e4.firebaseio.com","storageBucket":"spendings-138e4.appspot.com","projectId":"spendings-138e4"} {"metadata":{"emulator":{"name":"functions"},"function":{"name":"app"},"message":"[runtime-status] [47277] initializeApp(DEFAULT) {\"databaseURL\":\"https://spendings-138e4.firebaseio.com\",\"storageBucket\":\"spendings-138e4.appspot.com\",\"projectId\":\"spendings-138e4\"}"}}
[warn] ⚠  functions: The Cloud Firestore emulator is not running, so calls to Firestore will affect production. {"metadata":{"emulator":{"name":"functions"},"function":{"name":"app"},"message":"The Cloud Firestore emulator is not running, so calls to Firestore will affect production."}}
[debug] [2020-07-18T01:50:58.787Z] [runtime-status] [47277] Trigger "app" has been found, beginning invocation! {"metadata":{"emulator":{"name":"functions"},"function":{"name":"app"},"message":"[runtime-status] [47277] Trigger \"app\" has been found, beginning invocation!"}}
[info] i  functions: Beginning execution of "app" {"metadata":{"emulator":{"name":"functions"},"function":{"name":"app"},"message":"Beginning execution of \"app\""}}
[debug] [2020-07-18T01:50:58.787Z] [runtime-status] [47277] triggerDefinition {"httpsTrigger":{},"name":"app","entryPoint":"app"} {"metadata":{"emulator":{"name":"functions"},"function":{"name":"app"},"message":"[runtime-status] [47277] triggerDefinition {\"httpsTrigger\":{},\"name\":\"app\",\"entryPoint\":\"app\"}"}}
[debug] [2020-07-18T01:50:58.787Z] [runtime-status] [47277] Running app in mode HTTPS {"metadata":{"emulator":{"name":"functions"},"function":{"name":"app"},"message":"[runtime-status] [47277] Running app in mode HTTPS"}}
[debug] [2020-07-18T01:50:58.790Z] [runtime-status] [47278] Trigger "app" has been found, beginning invocation! {"metadata":{"emulator":{"name":"functions"},"function":{"name":"app"},"message":"[runtime-status] [47278] Trigger \"app\" has been found, beginning invocation!"}}
[info] i  functions: Beginning execution of "app" {"metadata":{"emulator":{"name":"functions"},"function":{"name":"app"},"message":"Beginning execution of \"app\""}}
[debug] [2020-07-18T01:50:58.792Z] [runtime-status] [47278] triggerDefinition {"httpsTrigger":{},"name":"app","entryPoint":"app"} {"metadata":{"emulator":{"name":"functions"},"function":{"name":"app"},"message":"[runtime-status] [47278] triggerDefinition {\"httpsTrigger\":{},\"name\":\"app\",\"entryPoint\":\"app\"}"}}
[debug] [2020-07-18T01:50:58.792Z] [runtime-status] [47278] Running app in mode HTTPS {"metadata":{"emulator":{"name":"functions"},"function":{"name":"app"},"message":"[runtime-status] [47278] Running app in mode HTTPS"}}
[debug] [2020-07-18T01:50:58.795Z] [runtime-status] [47278] Attempting to listen to socketPath: /var/folders/r9/_fmvn4ds67z6hms720f6sz2w0000gn/T/fire_emu_47278.sock {"metadata":{"emulator":{"name":"functions"},"function":{"name":"app"},"message":"[runtime-status] [47278] Attempting to listen to socketPath: /var/folders/r9/_fmvn4ds67z6hms720f6sz2w0000gn/T/fire_emu_47278.sock"}}
[debug] [2020-07-18T01:50:58.829Z] [functions] Runtime ready! Sending request! {"metadata":{"emulator":{"name":"functions"},"message":"[functions] Runtime ready! Sending request!"}}
[debug] [2020-07-18T01:50:58.840Z] [runtime-status] [47277] Attempting to listen to socketPath: /var/folders/r9/_fmvn4ds67z6hms720f6sz2w0000gn/T/fire_emu_47277.sock {"metadata":{"emulator":{"name":"functions"},"function":{"name":"app"},"message":"[runtime-status] [47277] Attempting to listen to socketPath: /var/folders/r9/_fmvn4ds67z6hms720f6sz2w0000gn/T/fire_emu_47277.sock"}}
[debug] [2020-07-18T01:50:58.840Z] [functions] Runtime ready! Sending request! {"metadata":{"emulator":{"name":"functions"},"message":"[functions] Runtime ready! Sending request!"}}
[debug] [2020-07-18T01:50:58.903Z] [runtime-status] [47278] Ephemeral server handling GET request {"metadata":{"emulator":{"name":"functions"},"function":{"name":"app"},"message":"[runtime-status] [47278] Ephemeral server handling GET request"}}
[debug] [2020-07-18T01:50:58.904Z] [runtime-status] [47277] Ephemeral server handling GET request {"metadata":{"emulator":{"name":"functions"},"function":{"name":"app"},"message":"[runtime-status] [47277] Ephemeral server handling GET request"}}
[debug] [2020-07-18T01:50:58.933Z] [runtime-status] [47278] Ephemeral server survived. {"metadata":{"emulator":{"name":"functions"},"function":{"name":"app"},"message":"[runtime-status] [47278] Ephemeral server survived."}}
[info] i  functions: Finished "app" in ~1s {"metadata":{"emulator":{"name":"functions"},"function":{"name":"app"},"message":"Finished \"app\" in ~1s"}}
[debug] [2020-07-18T01:50:58.943Z] [worker-app-9ddcffd9-9438-40f1-a13c-c8d62ff00066]: IDLE {"metadata":{"emulator":{"name":"functions"},"message":"[worker-app-9ddcffd9-9438-40f1-a13c-c8d62ff00066]: IDLE"}}
[debug] [2020-07-18T01:50:58.944Z] [work-queue] {"queueLength":0,"workRunningCount":1}
[debug] [2020-07-18T01:50:58.955Z] [runtime-status] [47277] Ephemeral server survived. {"metadata":{"emulator":{"name":"functions"},"function":{"name":"app"},"message":"[runtime-status] [47277] Ephemeral server survived."}}
[info] i  functions: Finished "app" in ~1s {"metadata":{"emulator":{"name":"functions"},"function":{"name":"app"},"message":"Finished \"app\" in ~1s"}}
[debug] [2020-07-18T01:50:58.960Z] [worker-app-a0b0abdb-1acb-4cd4-95ad-cca0e56e1918]: IDLE {"metadata":{"emulator":{"name":"functions"},"message":"[worker-app-a0b0abdb-1acb-4cd4-95ad-cca0e56e1918]: IDLE"}}
[debug] [2020-07-18T01:50:58.960Z] [work-queue] {"queueLength":0,"workRunningCount":0}
[debug] [2020-07-18T01:51:35.769Z] [work-queue] {"queueLength":1,"workRunningCount":0}
[debug] [2020-07-18T01:51:35.769Z] [work-queue] {"queueLength":0,"workRunningCount":1}
[debug] [2020-07-18T01:51:35.769Z] Accepted request GET /spendings-138e4/us-central1/app/api/test --> app
[debug] [2020-07-18T01:51:35.769Z] [worker-pool] submitWork(triggerId=app) {"metadata":{"emulator":{"name":"functions"},"message":"[worker-pool] submitWork(triggerId=app)"}}
[debug] [2020-07-18T01:51:35.769Z] [worker-app-a0b0abdb-1acb-4cd4-95ad-cca0e56e1918]: Assigning socketPath: /var/folders/r9/_fmvn4ds67z6hms720f6sz2w0000gn/T/fire_emu_47277.sock {"metadata":{"emulator":{"name":"functions"},"message":"[worker-app-a0b0abdb-1acb-4cd4-95ad-cca0e56e1918]: Assigning socketPath: /var/folders/r9/_fmvn4ds67z6hms720f6sz2w0000gn/T/fire_emu_47277.sock"}}
[debug] [2020-07-18T01:51:35.769Z] [worker-app-a0b0abdb-1acb-4cd4-95ad-cca0e56e1918]: BUSY {"metadata":{"emulator":{"name":"functions"},"message":"[worker-app-a0b0abdb-1acb-4cd4-95ad-cca0e56e1918]: BUSY"}}
[debug] [2020-07-18T01:51:35.774Z] [runtime-status] [47277] Trigger "app" has been found, beginning invocation! {"metadata":{"emulator":{"name":"functions"},"function":{"name":"app"},"message":"[runtime-status] [47277] Trigger \"app\" has been found, beginning invocation!"}}
[info] i  functions: Beginning execution of "app" {"metadata":{"emulator":{"name":"functions"},"function":{"name":"app"},"message":"Beginning execution of \"app\""}}
[debug] [2020-07-18T01:51:35.775Z] [runtime-status] [47277] triggerDefinition {"httpsTrigger":{},"name":"app","entryPoint":"app"} {"metadata":{"emulator":{"name":"functions"},"function":{"name":"app"},"message":"[runtime-status] [47277] triggerDefinition {\"httpsTrigger\":{},\"name\":\"app\",\"entryPoint\":\"app\"}"}}
[debug] [2020-07-18T01:51:35.775Z] [runtime-status] [47277] Running app in mode HTTPS {"metadata":{"emulator":{"name":"functions"},"function":{"name":"app"},"message":"[runtime-status] [47277] Running app in mode HTTPS"}}
[debug] [2020-07-18T01:51:35.775Z] [runtime-status] [47277] Attempting to listen to socketPath: /var/folders/r9/_fmvn4ds67z6hms720f6sz2w0000gn/T/fire_emu_47277.sock {"metadata":{"emulator":{"name":"functions"},"function":{"name":"app"},"message":"[runtime-status] [47277] Attempting to listen to socketPath: /var/folders/r9/_fmvn4ds67z6hms720f6sz2w0000gn/T/fire_emu_47277.sock"}}
[debug] [2020-07-18T01:51:35.782Z] [functions] Runtime ready! Sending request! {"metadata":{"emulator":{"name":"functions"},"message":"[functions] Runtime ready! Sending request!"}}
[debug] [2020-07-18T01:51:35.789Z] [runtime-status] [47277] Ephemeral server handling GET request {"metadata":{"emulator":{"name":"functions"},"function":{"name":"app"},"message":"[runtime-status] [47277] Ephemeral server handling GET request"}}
[debug] [2020-07-18T01:51:35.801Z] [runtime-status] [47277] Ephemeral server survived. {"metadata":{"emulator":{"name":"functions"},"function":{"name":"app"},"message":"[runtime-status] [47277] Ephemeral server survived."}}
[warn] ⚠  Google API requested!
   - URL: "https://oauth2.googleapis.com/token"
   - Be careful, this may be a production service. {"metadata":{"emulator":{"name":"functions"},"function":{"name":"app"},"message":"Google API requested!\n   - URL: \"https://oauth2.googleapis.com/token\"\n   - Be careful, this may be a production service."}}
[info] i  functions: Finished "app" in ~1s {"metadata":{"emulator":{"name":"functions"},"function":{"name":"app"},"message":"Finished \"app\" in ~1s"}}
[debug] [2020-07-18T01:51:36.578Z] [worker-app-a0b0abdb-1acb-4cd4-95ad-cca0e56e1918]: IDLE {"metadata":{"emulator":{"name":"functions"},"message":"[worker-app-a0b0abdb-1acb-4cd4-95ad-cca0e56e1918]: IDLE"}}
[debug] [2020-07-18T01:51:36.579Z] [work-queue] {"queueLength":0,"workRunningCount":0}
[debug] [2020-07-18T01:51:57.007Z] [work-queue] {"queueLength":1,"workRunningCount":0}
[debug] [2020-07-18T01:51:57.007Z] [work-queue] {"queueLength":0,"workRunningCount":1}
[debug] [2020-07-18T01:51:57.007Z] Accepted request GET /spendings-138e4/us-central1/app/api/test --> app
[debug] [2020-07-18T01:51:57.007Z] [worker-pool] submitWork(triggerId=app) {"metadata":{"emulator":{"name":"functions"},"message":"[worker-pool] submitWork(triggerId=app)"}}
[debug] [2020-07-18T01:51:57.007Z] [worker-app-a0b0abdb-1acb-4cd4-95ad-cca0e56e1918]: Assigning socketPath: /var/folders/r9/_fmvn4ds67z6hms720f6sz2w0000gn/T/fire_emu_47277.sock {"metadata":{"emulator":{"name":"functions"},"message":"[worker-app-a0b0abdb-1acb-4cd4-95ad-cca0e56e1918]: Assigning socketPath: /var/folders/r9/_fmvn4ds67z6hms720f6sz2w0000gn/T/fire_emu_47277.sock"}}
[debug] [2020-07-18T01:51:57.007Z] [worker-app-a0b0abdb-1acb-4cd4-95ad-cca0e56e1918]: BUSY {"metadata":{"emulator":{"name":"functions"},"message":"[worker-app-a0b0abdb-1acb-4cd4-95ad-cca0e56e1918]: BUSY"}}
[debug] [2020-07-18T01:51:57.009Z] [runtime-status] [47277] Trigger "app" has been found, beginning invocation! {"metadata":{"emulator":{"name":"functions"},"function":{"name":"app"},"message":"[runtime-status] [47277] Trigger \"app\" has been found, beginning invocation!"}}
[info] i  functions: Beginning execution of "app" {"metadata":{"emulator":{"name":"functions"},"function":{"name":"app"},"message":"Beginning execution of \"app\""}}
[debug] [2020-07-18T01:51:57.016Z] [runtime-status] [47277] triggerDefinition {"httpsTrigger":{},"name":"app","entryPoint":"app"} {"metadata":{"emulator":{"name":"functions"},"function":{"name":"app"},"message":"[runtime-status] [47277] triggerDefinition {\"httpsTrigger\":{},\"name\":\"app\",\"entryPoint\":\"app\"}"}}
[debug] [2020-07-18T01:51:57.016Z] [runtime-status] [47277] Running app in mode HTTPS {"metadata":{"emulator":{"name":"functions"},"function":{"name":"app"},"message":"[runtime-status] [47277] Running app in mode HTTPS"}}
[debug] [2020-07-18T01:51:57.016Z] [runtime-status] [47277] Attempting to listen to socketPath: /var/folders/r9/_fmvn4ds67z6hms720f6sz2w0000gn/T/fire_emu_47277.sock {"metadata":{"emulator":{"name":"functions"},"function":{"name":"app"},"message":"[runtime-status] [47277] Attempting to listen to socketPath: /var/folders/r9/_fmvn4ds67z6hms720f6sz2w0000gn/T/fire_emu_47277.sock"}}
[debug] [2020-07-18T01:51:57.017Z] [functions] Runtime ready! Sending request! {"metadata":{"emulator":{"name":"functions"},"message":"[functions] Runtime ready! Sending request!"}}
[debug] [2020-07-18T01:51:57.022Z] [runtime-status] [47277] Ephemeral server handling GET request {"metadata":{"emulator":{"name":"functions"},"function":{"name":"app"},"message":"[runtime-status] [47277] Ephemeral server handling GET request"}}
[debug] [2020-07-18T01:51:57.022Z] [runtime-status] [47277] Ephemeral server survived. {"metadata":{"emulator":{"name":"functions"},"function":{"name":"app"},"message":"[runtime-status] [47277] Ephemeral server survived."}}
[info] i  functions: Finished "app" in ~1s {"metadata":{"emulator":{"name":"functions"},"function":{"name":"app"},"message":"Finished \"app\" in ~1s"}}
[debug] [2020-07-18T01:51:57.109Z] [worker-app-a0b0abdb-1acb-4cd4-95ad-cca0e56e1918]: IDLE {"metadata":{"emulator":{"name":"functions"},"message":"[worker-app-a0b0abdb-1acb-4cd4-95ad-cca0e56e1918]: IDLE"}}
[debug] [2020-07-18T01:51:57.109Z] [work-queue] {"queueLength":0,"workRunningCount":0}
[debug] [2020-07-18T01:52:05.526Z] [work-queue] {"queueLength":1,"workRunningCount":0}
[debug] [2020-07-18T01:52:05.526Z] [work-queue] {"queueLength":0,"workRunningCount":1}
[debug] [2020-07-18T01:52:05.526Z] Accepted request GET /spendings-138e4/us-central1/app/api/test --> app
[debug] [2020-07-18T01:52:05.526Z] [worker-pool] submitWork(triggerId=app) {"metadata":{"emulator":{"name":"functions"},"message":"[worker-pool] submitWork(triggerId=app)"}}
[debug] [2020-07-18T01:52:05.526Z] [worker-app-a0b0abdb-1acb-4cd4-95ad-cca0e56e1918]: Assigning socketPath: /var/folders/r9/_fmvn4ds67z6hms720f6sz2w0000gn/T/fire_emu_47277.sock {"metadata":{"emulator":{"name":"functions"},"message":"[worker-app-a0b0abdb-1acb-4cd4-95ad-cca0e56e1918]: Assigning socketPath: /var/folders/r9/_fmvn4ds67z6hms720f6sz2w0000gn/T/fire_emu_47277.sock"}}
[debug] [2020-07-18T01:52:05.526Z] [worker-app-a0b0abdb-1acb-4cd4-95ad-cca0e56e1918]: BUSY {"metadata":{"emulator":{"name":"functions"},"message":"[worker-app-a0b0abdb-1acb-4cd4-95ad-cca0e56e1918]: BUSY"}}
[debug] [2020-07-18T01:52:05.528Z] [runtime-status] [47277] Trigger "app" has been found, beginning invocation! {"metadata":{"emulator":{"name":"functions"},"function":{"name":"app"},"message":"[runtime-status] [47277] Trigger \"app\" has been found, beginning invocation!"}}
[info] i  functions: Beginning execution of "app" {"metadata":{"emulator":{"name":"functions"},"function":{"name":"app"},"message":"Beginning execution of \"app\""}}
[debug] [2020-07-18T01:52:05.529Z] [runtime-status] [47277] triggerDefinition {"httpsTrigger":{},"name":"app","entryPoint":"app"} {"metadata":{"emulator":{"name":"functions"},"function":{"name":"app"},"message":"[runtime-status] [47277] triggerDefinition {\"httpsTrigger\":{},\"name\":\"app\",\"entryPoint\":\"app\"}"}}
[debug] [2020-07-18T01:52:05.529Z] [runtime-status] [47277] Running app in mode HTTPS {"metadata":{"emulator":{"name":"functions"},"function":{"name":"app"},"message":"[runtime-status] [47277] Running app in mode HTTPS"}}
[debug] [2020-07-18T01:52:05.529Z] [runtime-status] [47277] Attempting to listen to socketPath: /var/folders/r9/_fmvn4ds67z6hms720f6sz2w0000gn/T/fire_emu_47277.sock {"metadata":{"emulator":{"name":"functions"},"function":{"name":"app"},"message":"[runtime-status] [47277] Attempting to listen to socketPath: /var/folders/r9/_fmvn4ds67z6hms720f6sz2w0000gn/T/fire_emu_47277.sock"}}
[debug] [2020-07-18T01:52:05.530Z] [functions] Runtime ready! Sending request! {"metadata":{"emulator":{"name":"functions"},"message":"[functions] Runtime ready! Sending request!"}}
[debug] [2020-07-18T01:52:05.534Z] [runtime-status] [47277] Ephemeral server handling GET request {"metadata":{"emulator":{"name":"functions"},"function":{"name":"app"},"message":"[runtime-status] [47277] Ephemeral server handling GET request"}}
[debug] [2020-07-18T01:52:05.534Z] [runtime-status] [47277] Ephemeral server survived. {"metadata":{"emulator":{"name":"functions"},"function":{"name":"app"},"message":"[runtime-status] [47277] Ephemeral server survived."}}
[info] i  functions: Finished "app" in ~1s {"metadata":{"emulator":{"name":"functions"},"function":{"name":"app"},"message":"Finished \"app\" in ~1s"}}
[debug] [2020-07-18T01:52:05.660Z] [worker-app-a0b0abdb-1acb-4cd4-95ad-cca0e56e1918]: IDLE {"metadata":{"emulator":{"name":"functions"},"message":"[worker-app-a0b0abdb-1acb-4cd4-95ad-cca0e56e1918]: IDLE"}}
[debug] [2020-07-18T01:52:05.660Z] [work-queue] {"queueLength":0,"workRunningCount":0}
[debug] [2020-07-18T01:52:56.776Z] [work-queue] {"queueLength":1,"workRunningCount":0}
[debug] [2020-07-18T01:52:56.779Z] [work-queue] {"queueLength":0,"workRunningCount":1}
[debug] [2020-07-18T01:52:56.780Z] Accepted request GET /spendings-138e4/us-central1/app/api/test --> app
[debug] [2020-07-18T01:52:56.781Z] [worker-pool] submitWork(triggerId=app) {"metadata":{"emulator":{"name":"functions"},"message":"[worker-pool] submitWork(triggerId=app)"}}
[debug] [2020-07-18T01:52:56.783Z] [worker-app-a0b0abdb-1acb-4cd4-95ad-cca0e56e1918]: Assigning socketPath: /var/folders/r9/_fmvn4ds67z6hms720f6sz2w0000gn/T/fire_emu_47277.sock {"metadata":{"emulator":{"name":"functions"},"message":"[worker-app-a0b0abdb-1acb-4cd4-95ad-cca0e56e1918]: Assigning socketPath: /var/folders/r9/_fmvn4ds67z6hms720f6sz2w0000gn/T/fire_emu_47277.sock"}}
[debug] [2020-07-18T01:52:56.783Z] [worker-app-a0b0abdb-1acb-4cd4-95ad-cca0e56e1918]: BUSY {"metadata":{"emulator":{"name":"functions"},"message":"[worker-app-a0b0abdb-1acb-4cd4-95ad-cca0e56e1918]: BUSY"}}
[debug] [2020-07-18T01:52:56.785Z] [runtime-status] [47277] Trigger "app" has been found, beginning invocation! {"metadata":{"emulator":{"name":"functions"},"function":{"name":"app"},"message":"[runtime-status] [47277] Trigger \"app\" has been found, beginning invocation!"}}
[info] i  functions: Beginning execution of "app" {"metadata":{"emulator":{"name":"functions"},"function":{"name":"app"},"message":"Beginning execution of \"app\""}}
[debug] [2020-07-18T01:52:56.786Z] [runtime-status] [47277] triggerDefinition {"httpsTrigger":{},"name":"app","entryPoint":"app"} {"metadata":{"emulator":{"name":"functions"},"function":{"name":"app"},"message":"[runtime-status] [47277] triggerDefinition {\"httpsTrigger\":{},\"name\":\"app\",\"entryPoint\":\"app\"}"}}
[debug] [2020-07-18T01:52:56.786Z] [runtime-status] [47277] Running app in mode HTTPS {"metadata":{"emulator":{"name":"functions"},"function":{"name":"app"},"message":"[runtime-status] [47277] Running app in mode HTTPS"}}
[debug] [2020-07-18T01:52:56.786Z] [runtime-status] [47277] Attempting to listen to socketPath: /var/folders/r9/_fmvn4ds67z6hms720f6sz2w0000gn/T/fire_emu_47277.sock {"metadata":{"emulator":{"name":"functions"},"function":{"name":"app"},"message":"[runtime-status] [47277] Attempting to listen to socketPath: /var/folders/r9/_fmvn4ds67z6hms720f6sz2w0000gn/T/fire_emu_47277.sock"}}
[debug] [2020-07-18T01:52:56.790Z] [functions] Runtime ready! Sending request! {"metadata":{"emulator":{"name":"functions"},"message":"[functions] Runtime ready! Sending request!"}}
[debug] [2020-07-18T01:52:56.795Z] [runtime-status] [47277] Ephemeral server handling GET request {"metadata":{"emulator":{"name":"functions"},"function":{"name":"app"},"message":"[runtime-status] [47277] Ephemeral server handling GET request"}}
[debug] [2020-07-18T01:52:56.809Z] [runtime-status] [47277] Ephemeral server survived. {"metadata":{"emulator":{"name":"functions"},"function":{"name":"app"},"message":"[runtime-status] [47277] Ephemeral server survived."}}
[info] i  functions: Finished "app" in ~1s {"metadata":{"emulator":{"name":"functions"},"function":{"name":"app"},"message":"Finished \"app\" in ~1s"}}
[debug] [2020-07-18T01:52:56.982Z] [worker-app-a0b0abdb-1acb-4cd4-95ad-cca0e56e1918]: IDLE {"metadata":{"emulator":{"name":"functions"},"message":"[worker-app-a0b0abdb-1acb-4cd4-95ad-cca0e56e1918]: IDLE"}}
[debug] [2020-07-18T01:52:56.982Z] [work-queue] {"queueLength":0,"workRunningCount":0}
